2025-05-31 20:02:10,655 - dem - INFO - Initializing DEM service...
2025-05-31 20:02:10,757 - dem - INFO - Database initialized successfully
2025-05-31 20:02:10,758 - dem - INFO - Starting DEM service on port 5001
2025-05-31 20:02:11,119 - dem - INFO - Initializing DEM service...
2025-05-31 20:02:11,145 - dem - INFO - Database initialized successfully
2025-05-31 20:02:11,145 - dem - INFO - Starting DEM service on port 5001
2025-05-31 20:02:25,488 - dem - INFO - Getting extractions for source: restcountries
2025-05-31 20:02:25,529 - dem - INFO - Successfully retrieved 1 extractions for source: restcountries
2025-05-31 20:07:19,978 - dem - INFO - Initializing DEM service...
2025-05-31 20:07:20,015 - dem - INFO - Database initialized successfully
2025-05-31 20:07:20,015 - dem - INFO - Starting DEM service on port 5001
2025-05-31 20:07:20,333 - dem - INFO - Initializing DEM service...
2025-05-31 20:07:20,389 - dem - INFO - Database initialized successfully
2025-05-31 20:07:20,389 - dem - INFO - Starting DEM service on port 5001
2025-05-31 20:07:22,116 - dem - INFO - Getting extractions for source: restcountries
2025-05-31 20:07:22,168 - dem - INFO - Successfully retrieved 1 extractions for source: restcountries
2025-05-31 20:07:23,862 - dem - INFO - Getting extractions for source: restcountries
2025-05-31 20:07:23,866 - dem - INFO - Successfully retrieved 1 extractions for source: restcountries
2025-05-31 20:10:37,103 - dem - INFO - Initializing DEM service...
2025-05-31 20:10:37,170 - dem - INFO - Database initialized successfully
2025-05-31 20:10:37,171 - dem - INFO - Starting DEM service on port 5001
2025-05-31 20:10:41,654 - dem - INFO - Initializing DEM service...
2025-05-31 20:10:41,714 - dem - INFO - Database initialized successfully
2025-05-31 20:10:41,714 - dem - INFO - Starting DEM service on port 5001
2025-05-31 20:10:47,864 - dem - INFO - Getting extractions for source: mdm-source
2025-05-31 20:10:47,890 - dem - INFO - Successfully retrieved 0 extractions for source: mdm-source
2025-05-31 20:10:52,147 - dem - INFO - Getting extractions for source: mdm-source
2025-05-31 20:10:52,162 - dem - INFO - Successfully retrieved 0 extractions for source: mdm-source
2025-05-31 20:10:53,172 - dem - INFO - Getting extractions for source: mdm-source
2025-05-31 20:10:53,177 - dem - INFO - Successfully retrieved 0 extractions for source: mdm-source
2025-05-31 20:14:16,713 - dem - INFO - Getting extractions for source: restcountries
2025-05-31 20:14:16,724 - dem - INFO - Successfully retrieved 1 extractions for source: restcountries
2025-05-31 20:15:00,783 - dem - INFO - Getting extractions for source: restcountries
2025-05-31 20:15:00,798 - dem - INFO - Successfully retrieved 1 extractions for source: restcountries
2025-05-31 20:15:04,223 - dem - INFO - Getting extractions for source: restcountries
2025-05-31 20:15:04,226 - dem - INFO - Successfully retrieved 1 extractions for source: restcountries
2025-05-31 20:16:24,424 - dem - INFO - Initializing DEM service...
2025-05-31 20:16:24,505 - dem - INFO - Database initialized successfully
2025-05-31 20:16:24,506 - dem - INFO - Starting DEM service on port 5001
2025-05-31 20:20:20,259 - dem - INFO - Initializing DEM service...
2025-05-31 20:20:20,290 - dem - INFO - Database initialized successfully
2025-05-31 20:20:20,290 - dem - INFO - Starting DEM service on port 5001
2025-05-31 20:20:20,593 - dem - INFO - Initializing DEM service...
2025-05-31 20:20:20,624 - dem - INFO - Database initialized successfully
2025-05-31 20:20:20,624 - dem - INFO - Starting DEM service on port 5001
2025-05-31 20:20:42,442 - dem - INFO - Getting extractions for source: restcountries
2025-05-31 20:20:42,464 - dem - INFO - Successfully retrieved 1 extractions for source: restcountries
2025-05-31 20:21:15,815 - dem - INFO - Getting extractions for source: restcountries
2025-05-31 20:21:15,827 - dem - INFO - Successfully retrieved 1 extractions for source: restcountries
2025-05-31 20:21:22,183 - dem - INFO - Creating new load
2025-05-31 20:21:22,183 - dem - INFO - Creating load for service: mdm, extraction_id: d03ff487-09fb-44b7-9e52-5c8b88af643d
2025-05-31 20:21:22,212 - dem - INFO - Successfully created load 46a2883c-1ce7-40dc-8138-d61269dd4fca
2025-05-31 20:23:04,333 - dem - INFO - Initializing DEM service...
2025-05-31 20:23:04,374 - dem - INFO - Database initialized successfully
2025-05-31 20:23:04,374 - dem - INFO - Starting DEM service on port 5001
2025-05-31 20:23:04,698 - dem - INFO - Initializing DEM service...
2025-05-31 20:23:04,736 - dem - INFO - Database initialized successfully
2025-05-31 20:23:04,736 - dem - INFO - Starting DEM service on port 5001
2025-06-01 11:10:54,614 - dem - INFO - Initializing DEM service...
2025-06-01 11:10:54,879 - dem - INFO - Database initialized successfully
2025-06-01 11:10:54,880 - dem - INFO - Starting DEM service on port 5001
2025-06-01 11:10:55,516 - dem - INFO - Initializing DEM service...
2025-06-01 11:10:55,539 - dem - INFO - Database initialized successfully
2025-06-01 11:10:55,539 - dem - INFO - Starting DEM service on port 5001
2025-06-01 11:43:25,439 - dem - INFO - Getting extractions for source: restcountries
2025-06-01 11:43:25,449 - dem - ERROR - Error getting extractions for source restcountries: (psycopg2.OperationalError) server closed the connection unexpectedly
	This probably means the server terminated abnormally
	before or while processing the request.

[SQL: SELECT extractions.extraction_id AS extractions_extraction_id, extractions.source AS extractions_source, extractions.created_at AS extractions_created_at, extractions.status AS extractions_status 
FROM extractions 
WHERE extractions.source = %(source_1)s]
[parameters: {'source_1': 'restcountries'}]
(Background on this error at: https://sqlalche.me/e/20/e3q8)
2025-06-01 11:43:40,718 - dem - INFO - Getting extractions for source: restcountries
2025-06-01 11:43:40,733 - dem - ERROR - Error getting extractions for source restcountries: (psycopg2.errors.UndefinedTable) relation "extractions" does not exist
LINE 2: FROM extractions 
             ^

[SQL: SELECT extractions.extraction_id AS extractions_extraction_id, extractions.source AS extractions_source, extractions.created_at AS extractions_created_at, extractions.status AS extractions_status 
FROM extractions 
WHERE extractions.source = %(source_1)s]
[parameters: {'source_1': 'restcountries'}]
(Background on this error at: https://sqlalche.me/e/20/f405)
2025-06-01 12:02:36,236 - dem - INFO - Getting extractions for source: restcountries
2025-06-01 12:02:36,237 - dem - ERROR - Error getting extractions for source restcountries: (psycopg2.errors.UndefinedTable) relation "extractions" does not exist
LINE 2: FROM extractions 
             ^

[SQL: SELECT extractions.extraction_id AS extractions_extraction_id, extractions.source AS extractions_source, extractions.created_at AS extractions_created_at, extractions.status AS extractions_status 
FROM extractions 
WHERE extractions.source = %(source_1)s]
[parameters: {'source_1': 'restcountries'}]
(Background on this error at: https://sqlalche.me/e/20/f405)
2025-06-01 12:03:24,553 - dem - INFO - Creating new extraction for source: restcountries
2025-06-01 12:03:24,557 - dem - ERROR - Error creating extraction for source restcountries: (psycopg2.errors.UndefinedTable) relation "extractions" does not exist
LINE 1: INSERT INTO extractions (extraction_id, source, created_at, ...
                    ^

[SQL: INSERT INTO extractions (extraction_id, source, created_at, status) VALUES (%(extraction_id)s::UUID, %(source)s, %(created_at)s, %(status)s)]
[parameters: {'extraction_id': UUID('7e206264-4624-47e8-90ba-fa291f1d0eaf'), 'source': 'restcountries', 'created_at': datetime.datetime(2025, 6, 1, 15, 3, 24, 556261), 'status': 'PENDING'}]
(Background on this error at: https://sqlalche.me/e/20/f405)
2025-06-01 12:05:45,091 - dem - INFO - Initializing DEM service...
2025-06-01 12:05:45,193 - dem - INFO - Database initialized successfully
2025-06-01 12:05:45,194 - dem - INFO - Starting DEM service on port 5001
2025-06-01 12:16:18,155 - dem - INFO - Creating new extraction for source: restcountries
2025-06-01 12:16:18,157 - dem - ERROR - Error creating extraction for source restcountries: (psycopg2.OperationalError) server closed the connection unexpectedly
	This probably means the server terminated abnormally
	before or while processing the request.

[SQL: INSERT INTO extractions (extraction_id, source, created_at, status) VALUES (%(extraction_id)s::UUID, %(source)s, %(created_at)s, %(status)s)]
[parameters: {'extraction_id': UUID('1ae113c2-3d6e-492d-be59-9fa69382116e'), 'source': 'restcountries', 'created_at': datetime.datetime(2025, 6, 1, 15, 16, 18, 157305), 'status': 'PENDING'}]
(Background on this error at: https://sqlalche.me/e/20/e3q8)
2025-06-01 12:17:53,569 - dem - INFO - Initializing DEM service...
2025-06-01 12:17:53,597 - dem - INFO - Database initialized successfully
2025-06-01 12:17:53,597 - dem - INFO - Starting DEM service on port 5001
2025-06-01 12:17:54,162 - dem - INFO - Initializing DEM service...
2025-06-01 12:17:54,185 - dem - INFO - Database initialized successfully
2025-06-01 12:17:54,186 - dem - INFO - Starting DEM service on port 5001
2025-06-01 12:18:00,126 - dem - INFO - Creating new extraction for source: restcountries
2025-06-01 12:18:01,805 - dem - INFO - Successfully created extraction 3b815fc6-32fe-4e01-8637-feec94e4a9ed for source: restcountries
2025-06-01 12:18:13,033 - dem - INFO - Getting extractions for source: restcountries
2025-06-01 12:18:13,036 - dem - INFO - Successfully retrieved 1 extractions for source: restcountries
2025-06-01 12:18:13,040 - dem - INFO - Creating new load
2025-06-01 12:18:13,040 - dem - INFO - Creating load for service: mdm, extraction_id: 3b815fc6-32fe-4e01-8637-feec94e4a9ed
2025-06-01 12:18:13,050 - dem - INFO - Successfully created load d198d443-6500-4286-9de0-9f8d941c6a46
2025-06-01 12:24:33,298 - dem - INFO - Initializing DEM service...
2025-06-01 12:24:33,321 - dem - INFO - Database initialized successfully
2025-06-01 12:24:33,321 - dem - INFO - Starting DEM service on port 5001
2025-06-01 12:24:33,884 - dem - INFO - Initializing DEM service...
2025-06-01 12:24:33,908 - dem - INFO - Database initialized successfully
2025-06-01 12:24:33,908 - dem - INFO - Starting DEM service on port 5001
2025-06-01 12:24:41,241 - dem - INFO - Creating new extraction for source: restcountries
2025-06-01 12:24:42,562 - dem - INFO - Successfully created extraction 660f7cae-fad0-4d54-b7cd-cb07d2311210 for source: restcountries
2025-06-01 12:26:52,820 - dem - INFO - Getting extractions for source: restcountries
2025-06-01 12:26:52,823 - dem - INFO - Successfully retrieved 2 extractions for source: restcountries
2025-06-01 12:27:22,089 - dem - INFO - Getting extractions for source: restcountries
2025-06-01 12:27:22,091 - dem - INFO - Successfully retrieved 2 extractions for source: restcountries
2025-06-01 12:27:22,095 - dem - INFO - Creating new load
2025-06-01 12:27:22,095 - dem - INFO - Creating load for service: mdm, extraction_id: 660f7cae-fad0-4d54-b7cd-cb07d2311210
2025-06-01 12:27:22,105 - dem - INFO - Successfully created load 52673a03-cc71-4d6c-9b54-63505febbe6b
2025-06-01 12:37:13,861 - dem - INFO - Initializing DEM service...
2025-06-01 12:37:13,884 - dem - INFO - Database initialized successfully
2025-06-01 12:37:13,884 - dem - INFO - Starting DEM service on port 5001
2025-06-01 12:38:27,825 - dem - INFO - Initializing DEM service...
2025-06-01 12:38:27,849 - dem - INFO - Database initialized successfully
2025-06-01 12:38:27,849 - dem - INFO - Starting DEM service on port 5001
2025-06-01 12:42:51,349 - dem - INFO - Initializing DEM service...
2025-06-01 12:42:51,371 - dem - INFO - Database initialized successfully
2025-06-01 12:42:51,372 - dem - INFO - Starting DEM service on port 5001
2025-06-01 12:47:38,841 - dem - INFO - Initializing DEM service...
2025-06-01 12:47:38,869 - dem - INFO - Database initialized successfully
2025-06-01 12:47:38,869 - dem - INFO - Starting DEM service on port 5001
2025-06-01 12:47:39,439 - dem - INFO - Initializing DEM service...
2025-06-01 12:47:39,462 - dem - INFO - Database initialized successfully
2025-06-01 12:47:39,462 - dem - INFO - Starting DEM service on port 5001
2025-06-01 12:48:01,814 - dem - INFO - Getting extractions for source: restcountries
2025-06-01 12:48:01,826 - dem - INFO - Successfully retrieved 2 extractions for source: restcountries
2025-06-01 12:48:05,872 - dem - INFO - Creating new extraction for source: restcountries
2025-06-01 12:48:07,318 - dem - INFO - Successfully created extraction 350915eb-4293-423c-96f0-b4af669b090d for source: restcountries
2025-06-01 12:48:10,473 - dem - INFO - Getting extractions for source: restcountries
2025-06-01 12:48:10,475 - dem - INFO - Successfully retrieved 3 extractions for source: restcountries
2025-06-01 12:48:14,210 - dem - INFO - Getting extractions for source: restcountries
2025-06-01 12:48:14,212 - dem - INFO - Successfully retrieved 3 extractions for source: restcountries
2025-06-01 12:48:14,216 - dem - INFO - Creating new load
2025-06-01 12:48:14,216 - dem - INFO - Creating load for service: mdm, extraction_id: 350915eb-4293-423c-96f0-b4af669b090d
2025-06-01 12:48:14,230 - dem - INFO - Successfully created load 4db7a1c0-68e1-458b-8c75-3307da0ed027
2025-06-01 12:49:43,661 - dem - INFO - Initializing DEM service...
2025-06-01 12:49:43,685 - dem - INFO - Database initialized successfully
2025-06-01 12:49:43,685 - dem - INFO - Starting DEM service on port 5001
2025-06-01 12:51:07,680 - dem - INFO - Initializing DEM service...
2025-06-01 12:51:07,705 - dem - INFO - Database initialized successfully
2025-06-01 12:51:07,705 - dem - INFO - Starting DEM service on port 5001
2025-06-01 12:51:11,496 - dem - INFO - Getting extractions for source: restcountries
2025-06-01 12:51:11,507 - dem - INFO - Successfully retrieved 3 extractions for source: restcountries
2025-06-01 12:51:11,512 - dem - INFO - Creating new load
2025-06-01 12:51:11,512 - dem - INFO - Creating load for service: mdm, extraction_id: 350915eb-4293-423c-96f0-b4af669b090d
2025-06-01 12:51:11,523 - dem - INFO - Successfully created load 950e9610-7b7d-43cd-b3e3-c921148e035b
2025-06-01 12:56:38,028 - dem - INFO - Initializing DEM service...
2025-06-01 12:56:38,051 - dem - INFO - Database initialized successfully
2025-06-01 12:56:38,051 - dem - INFO - Starting DEM service on port 5001
2025-06-01 12:56:38,615 - dem - INFO - Initializing DEM service...
2025-06-01 12:56:38,638 - dem - INFO - Database initialized successfully
2025-06-01 12:56:38,638 - dem - INFO - Starting DEM service on port 5001
2025-06-01 12:56:43,335 - dem - INFO - Getting extractions for source: restcountries
2025-06-01 12:56:43,346 - dem - INFO - Successfully retrieved 3 extractions for source: restcountries
2025-06-01 12:56:43,350 - dem - INFO - Creating new load
2025-06-01 12:56:43,351 - dem - INFO - Creating load for service: mdm, extraction_id: 350915eb-4293-423c-96f0-b4af669b090d
2025-06-01 12:56:43,361 - dem - INFO - Successfully created load 4b2b2e17-5665-430a-b397-c82e6badd1fc
2025-06-01 12:57:14,667 - dem - INFO - Getting extractions for source: restcountries
2025-06-01 12:57:14,669 - dem - INFO - Successfully retrieved 3 extractions for source: restcountries
2025-06-01 13:12:26,609 - dem - INFO - Getting extractions for source: restcountries
2025-06-01 13:12:26,612 - dem - INFO - Successfully retrieved 3 extractions for source: restcountries
2025-06-01 13:12:26,616 - dem - INFO - Creating new load
2025-06-01 13:12:26,617 - dem - INFO - Creating load for service: mdm, extraction_id: 350915eb-4293-423c-96f0-b4af669b090d
2025-06-01 13:12:26,623 - dem - INFO - Successfully created load 974b62d2-973f-4248-924c-908ca88f63d3
2025-06-01 13:21:38,115 - dem - INFO - Getting extractions for source: restcountries
2025-06-01 13:21:38,118 - dem - INFO - Successfully retrieved 3 extractions for source: restcountries
2025-06-01 13:21:38,121 - dem - INFO - Creating new load
2025-06-01 13:21:38,122 - dem - INFO - Creating load for service: mdm, extraction_id: 350915eb-4293-423c-96f0-b4af669b090d
2025-06-01 13:21:38,128 - dem - INFO - Successfully created load f39a7c5c-1046-4446-ab76-2c8a27eab844
2025-06-01 13:34:50,280 - dem - INFO - Getting extractions for source: restcountries
2025-06-01 13:34:50,282 - dem - INFO - Successfully retrieved 3 extractions for source: restcountries
2025-06-01 13:34:50,286 - dem - INFO - Creating new load
2025-06-01 13:34:50,286 - dem - INFO - Creating load for service: mdm, extraction_id: 350915eb-4293-423c-96f0-b4af669b090d
2025-06-01 13:34:50,342 - dem - INFO - Successfully created load 7ee3c655-afd8-42d4-9c3e-427659d0cc8f
2025-06-01 13:39:09,128 - dem - INFO - Initializing DEM service...
2025-06-01 13:39:09,154 - dem - INFO - Database initialized successfully
2025-06-01 13:39:09,154 - dem - INFO - Starting DEM service on port 5001
2025-06-01 13:46:02,317 - dem - INFO - Getting extractions for source: restcountries
2025-06-01 13:46:02,329 - dem - INFO - Successfully retrieved 3 extractions for source: restcountries
2025-06-01 13:46:02,333 - dem - INFO - Creating new load
2025-06-01 13:46:02,334 - dem - INFO - Creating load for service: mdm, extraction_id: 350915eb-4293-423c-96f0-b4af669b090d
2025-06-01 13:46:02,344 - dem - INFO - Successfully created load f048d9e5-1a53-4932-9dba-d7621dac13c9
2025-06-01 13:46:52,650 - dem - INFO - Getting extractions for source: restcountries
2025-06-01 13:46:52,652 - dem - INFO - Successfully retrieved 3 extractions for source: restcountries
2025-06-01 13:46:52,656 - dem - INFO - Creating new load
2025-06-01 13:46:52,656 - dem - INFO - Creating load for service: mdm, extraction_id: 350915eb-4293-423c-96f0-b4af669b090d
2025-06-01 13:46:52,663 - dem - INFO - Successfully created load 7a2dc941-a5b6-49e2-8682-43ad98f97088
2025-06-01 13:47:54,932 - dem - INFO - Initializing DEM service...
2025-06-01 13:47:54,934 - dem - ERROR - Failed to start DEM service: (psycopg2.OperationalError) connection to server at "localhost" (::1), port 5433 failed: Connection refused
	Is the server running on that host and accepting TCP/IP connections?
connection to server at "localhost" (127.0.0.1), port 5433 failed: Connection refused
	Is the server running on that host and accepting TCP/IP connections?

(Background on this error at: https://sqlalche.me/e/20/e3q8)
2025-06-01 13:48:00,646 - dem - INFO - Initializing DEM service...
2025-06-01 13:48:00,648 - dem - ERROR - Failed to start DEM service: (psycopg2.OperationalError) connection to server at "localhost" (::1), port 5433 failed: Connection refused
	Is the server running on that host and accepting TCP/IP connections?
connection to server at "localhost" (127.0.0.1), port 5433 failed: Connection refused
	Is the server running on that host and accepting TCP/IP connections?

(Background on this error at: https://sqlalche.me/e/20/e3q8)
2025-06-01 13:48:20,372 - dem - INFO - Initializing DEM service...
2025-06-01 13:48:20,373 - dem - ERROR - Failed to start DEM service: (psycopg2.OperationalError) connection to server at "localhost" (::1), port 5433 failed: Connection refused
	Is the server running on that host and accepting TCP/IP connections?
connection to server at "localhost" (127.0.0.1), port 5433 failed: Connection refused
	Is the server running on that host and accepting TCP/IP connections?

(Background on this error at: https://sqlalche.me/e/20/e3q8)
2025-06-01 13:49:01,858 - dem - INFO - Initializing DEM service...
2025-06-01 13:49:01,886 - dem - INFO - Database initialized successfully
2025-06-01 13:49:01,886 - dem - INFO - Starting DEM service on port 5001
2025-06-01 13:49:02,454 - dem - INFO - Initializing DEM service...
2025-06-01 13:49:02,477 - dem - INFO - Database initialized successfully
2025-06-01 13:49:02,477 - dem - INFO - Starting DEM service on port 5001
2025-06-01 13:49:17,513 - dem - INFO - Getting extractions for source: restcountries
2025-06-01 13:49:17,525 - dem - INFO - Successfully retrieved 3 extractions for source: restcountries
2025-06-01 13:49:17,530 - dem - INFO - Creating new load
2025-06-01 13:49:17,530 - dem - INFO - Creating load for service: mdm, extraction_id: 350915eb-4293-423c-96f0-b4af669b090d
2025-06-01 13:49:17,542 - dem - INFO - Successfully created load 1e793f52-455f-4b90-94ed-0656c8c4c8cf
2025-06-01 13:49:49,915 - dem - INFO - Getting extractions for source: restcountries
2025-06-01 13:49:49,917 - dem - INFO - Successfully retrieved 3 extractions for source: restcountries
2025-06-01 13:49:49,921 - dem - INFO - Creating new load
2025-06-01 13:49:49,922 - dem - INFO - Creating load for service: mdm, extraction_id: 350915eb-4293-423c-96f0-b4af669b090d
2025-06-01 13:49:49,930 - dem - INFO - Successfully created load bffc3b6c-f295-4be5-8889-e9ca3b69576c
2025-06-01 13:50:33,464 - dem - INFO - Initializing DEM service...
2025-06-01 13:50:33,487 - dem - INFO - Database initialized successfully
2025-06-01 13:50:33,487 - dem - INFO - Starting DEM service on port 5001
2025-06-02 13:46:57,738 - dem - INFO - Initializing DEM service...
2025-06-02 13:47:00,833 - dem - INFO - Database initialized successfully
2025-06-02 13:47:00,833 - dem - INFO - Starting DEM service on port 5001
2025-06-02 13:47:01,479 - dem - INFO - Initializing DEM service...
2025-06-02 13:47:01,503 - dem - INFO - Database initialized successfully
2025-06-02 13:47:01,504 - dem - INFO - Starting DEM service on port 5001
2025-06-02 13:47:29,353 - dem - INFO - Getting extractions for source: restcountries
2025-06-02 13:47:29,507 - dem - INFO - Successfully retrieved 3 extractions for source: restcountries
2025-06-02 13:47:29,512 - dem - INFO - Creating new load
2025-06-02 13:47:29,512 - dem - INFO - Creating load for service: mdm, extraction_id: 350915eb-4293-423c-96f0-b4af669b090d
2025-06-02 13:47:29,628 - dem - INFO - Successfully created load 15e3514b-f9e9-4d20-8895-5923ca140dbb
2025-06-02 13:48:37,289 - dem - INFO - Initializing DEM service...
2025-06-02 13:48:37,314 - dem - INFO - Database initialized successfully
2025-06-02 13:48:37,314 - dem - INFO - Starting DEM service on port 5001
2025-06-02 13:48:37,958 - dem - INFO - Initializing DEM service...
2025-06-02 13:48:37,982 - dem - INFO - Database initialized successfully
2025-06-02 13:48:37,982 - dem - INFO - Starting DEM service on port 5001
2025-06-02 13:52:42,137 - dem - INFO - Getting extractions for source: restcountries
2025-06-02 13:52:42,148 - dem - INFO - Successfully retrieved 3 extractions for source: restcountries
2025-06-02 13:52:52,456 - dem - INFO - Creating new load
2025-06-02 13:52:52,456 - dem - INFO - Creating load for service: mdm, extraction_id: 350915eb-4293-423c-96f0-b4af669b090d
2025-06-02 13:52:52,468 - dem - INFO - Successfully created load b7b9a152-6614-44fc-ac18-7052f654ddea
2025-06-02 13:55:35,202 - dem - INFO - Creating new extraction for source: restcountries
2025-06-02 13:55:36,598 - dem - INFO - Successfully created extraction adf0495d-6af1-4389-a418-a93a0d9cf42d for source: restcountries
2025-06-02 13:55:49,398 - dem - INFO - Getting all loads
2025-06-02 13:55:49,400 - dem - INFO - Successfully retrieved 14 loads
2025-06-02 13:56:02,264 - dem - INFO - Reprocessing extraction: 350915eb-4293-423c-96f0-b4af669b090d
2025-06-02 13:56:02,271 - dem - INFO - Successfully reprocessed extraction 350915eb-4293-423c-96f0-b4af669b090d, created load 30d1ada3-afb1-446c-ac7b-358cc0b8a7eb
2025-06-02 14:03:19,035 - dem - INFO - Getting extractions for source: restcountries
2025-06-02 14:03:19,038 - dem - INFO - Successfully retrieved 4 extractions for source: restcountries
2025-06-02 14:05:36,437 - dem - INFO - Initializing DEM service...
2025-06-02 14:05:36,460 - dem - INFO - Database initialized successfully
2025-06-02 14:05:36,461 - dem - INFO - Starting DEM service on port 5001
2025-06-02 14:05:37,027 - dem - INFO - Initializing DEM service...
2025-06-02 14:05:37,051 - dem - INFO - Database initialized successfully
2025-06-02 14:05:37,051 - dem - INFO - Starting DEM service on port 5001
2025-06-02 14:05:54,046 - dem - INFO - Getting extractions for source: restcountries
2025-06-02 14:05:54,057 - dem - INFO - Successfully retrieved 4 extractions for source: restcountries
2025-06-02 14:07:56,964 - dem - INFO - Getting all loads
2025-06-02 14:07:56,967 - dem - INFO - Successfully retrieved 15 loads
2025-06-02 14:08:17,186 - dem - INFO - Getting extractions for source: restcountries
2025-06-02 14:08:17,189 - dem - INFO - Successfully retrieved 4 extractions for source: restcountries
2025-06-02 14:08:17,192 - dem - INFO - Creating new load
2025-06-02 14:08:17,193 - dem - INFO - Creating load for service: mdm, extraction_id: adf0495d-6af1-4389-a418-a93a0d9cf42d
2025-06-02 14:08:17,208 - dem - INFO - Successfully created load 313c3abc-a1e8-406d-96c7-0aa28da7640b
2025-06-02 14:08:19,635 - dem - INFO - Getting all loads
2025-06-02 14:08:19,637 - dem - INFO - Successfully retrieved 16 loads
2025-06-02 14:08:26,692 - dem - INFO - Getting all loads
2025-06-02 14:08:26,694 - dem - INFO - Successfully retrieved 16 loads
2025-06-02 14:08:30,211 - dem - INFO - Getting all loads
2025-06-02 14:08:30,213 - dem - INFO - Successfully retrieved 16 loads
2025-06-02 14:08:57,179 - dem - INFO - Getting extractions for source: restcountries
2025-06-02 14:08:57,182 - dem - INFO - Successfully retrieved 4 extractions for source: restcountries
2025-06-02 14:08:57,186 - dem - INFO - Creating new load
2025-06-02 14:08:57,186 - dem - INFO - Creating load for service: mdm, extraction_id: adf0495d-6af1-4389-a418-a93a0d9cf42d
2025-06-02 14:08:57,193 - dem - INFO - Successfully created load ce0f86f1-70e4-4f29-878e-a0a6db380aa3
2025-06-02 14:10:35,768 - dem - INFO - Initializing DEM service...
2025-06-02 14:10:35,793 - dem - INFO - Database initialized successfully
2025-06-02 14:10:35,793 - dem - INFO - Starting DEM service on port 5001
2025-06-02 14:10:50,529 - dem - INFO - Initializing DEM service...
2025-06-02 14:10:50,553 - dem - INFO - Database initialized successfully
2025-06-02 14:10:50,553 - dem - INFO - Starting DEM service on port 5001
2025-06-02 14:11:16,654 - dem - INFO - Getting extractions for source: restcountries
2025-06-02 14:11:16,665 - dem - INFO - Successfully retrieved 4 extractions for source: restcountries
2025-06-02 14:11:16,670 - dem - INFO - Creating new load
2025-06-02 14:11:16,671 - dem - INFO - Creating load for service: mdm, extraction_id: adf0495d-6af1-4389-a418-a93a0d9cf42d
2025-06-02 14:11:16,682 - dem - INFO - Successfully created load 2e4cc3b9-71a6-4c24-a0d5-3e1cae77d6c4
2025-06-02 14:11:17,916 - dem - INFO - Getting all loads
2025-06-02 14:11:17,918 - dem - INFO - Successfully retrieved 18 loads
2025-06-02 14:11:24,654 - dem - INFO - Getting all loads
2025-06-02 14:11:24,656 - dem - INFO - Successfully retrieved 18 loads
2025-06-02 14:11:34,755 - dem - INFO - Getting extractions for source: restcountries
2025-06-02 14:11:34,758 - dem - INFO - Successfully retrieved 4 extractions for source: restcountries
2025-06-02 14:15:05,704 - dem - INFO - Initializing DEM service...
2025-06-02 14:15:05,727 - dem - INFO - Database initialized successfully
2025-06-02 14:15:05,727 - dem - INFO - Starting DEM service on port 5001
2025-06-02 14:15:06,287 - dem - INFO - Initializing DEM service...
2025-06-02 14:15:06,310 - dem - INFO - Database initialized successfully
2025-06-02 14:15:06,310 - dem - INFO - Starting DEM service on port 5001
2025-06-02 14:15:50,576 - dem - INFO - Creating new extraction for source: restcountries
2025-06-02 14:15:52,156 - dem - INFO - Successfully created extraction 84a907d5-a192-4f52-98de-6c366bdf484d for source: restcountries
2025-06-02 14:16:04,625 - dem - INFO - Getting extractions for source: restcountries
2025-06-02 14:16:04,628 - dem - INFO - Successfully retrieved 5 extractions for source: restcountries
2025-06-02 14:16:04,632 - dem - INFO - Creating new load
2025-06-02 14:16:04,632 - dem - INFO - Creating load for service: mdm, extraction_id: 84a907d5-a192-4f52-98de-6c366bdf484d
2025-06-02 14:16:04,642 - dem - INFO - Successfully created load 33db8d0d-1343-4eef-b349-88278744d9b2
2025-06-02 14:17:08,479 - dem - INFO - Getting extractions for source: restcountries
2025-06-02 14:17:08,481 - dem - INFO - Successfully retrieved 5 extractions for source: restcountries
2025-06-02 14:17:08,486 - dem - INFO - Creating new load
2025-06-02 14:17:08,486 - dem - INFO - Creating load for service: mdm, extraction_id: 84a907d5-a192-4f52-98de-6c366bdf484d
2025-06-02 14:17:08,493 - dem - INFO - Successfully created load 685d6e91-a33e-4a9c-9b09-64eff033da47
2025-06-02 14:17:27,306 - dem - INFO - Creating new extraction for source: restcountries
2025-06-02 14:17:28,618 - dem - INFO - Successfully created extraction 0e759175-231b-4595-91a2-23143e9f18b0 for source: restcountries
2025-06-02 14:17:31,507 - dem - INFO - Getting extractions for source: restcountries
2025-06-02 14:17:31,510 - dem - INFO - Successfully retrieved 6 extractions for source: restcountries
2025-06-02 14:17:31,514 - dem - INFO - Creating new load
2025-06-02 14:17:31,514 - dem - INFO - Creating load for service: mdm, extraction_id: 0e759175-231b-4595-91a2-23143e9f18b0
2025-06-02 14:17:31,520 - dem - INFO - Successfully created load a514b3e4-403f-4b07-847a-0c6d5c8136c1
2025-06-02 14:17:50,645 - dem - INFO - Getting extractions for source: restcountries
2025-06-02 14:17:50,647 - dem - INFO - Successfully retrieved 6 extractions for source: restcountries
2025-06-02 15:12:59,117 - dem - INFO - Initializing DEM service...
2025-06-02 15:12:59,142 - dem - INFO - Database initialized successfully
2025-06-02 15:12:59,142 - dem - INFO - Starting DEM service on port 5001
2025-06-02 15:12:59,809 - dem - INFO - Initializing DEM service...
2025-06-02 15:12:59,834 - dem - INFO - Database initialized successfully
2025-06-02 15:12:59,835 - dem - INFO - Starting DEM service on port 5001
2025-06-02 15:14:08,075 - dem - INFO - Initializing DEM service...
2025-06-02 15:14:08,099 - dem - INFO - Database initialized successfully
2025-06-02 15:14:08,099 - dem - INFO - Starting DEM service on port 5001
2025-06-02 15:14:08,739 - dem - INFO - Initializing DEM service...
2025-06-02 15:14:08,763 - dem - INFO - Database initialized successfully
2025-06-02 15:14:08,763 - dem - INFO - Starting DEM service on port 5001
2025-06-02 15:14:53,350 - dem - INFO - Getting extractions for source: restcountries
2025-06-02 15:14:53,361 - dem - INFO - Successfully retrieved 6 extractions for source: restcountries
2025-06-02 15:16:08,214 - dem - INFO - Initializing DEM service...
2025-06-02 15:16:08,238 - dem - INFO - Database initialized successfully
2025-06-02 15:16:08,239 - dem - INFO - Starting DEM service on port 5001
2025-06-02 15:16:08,812 - dem - INFO - Initializing DEM service...
2025-06-02 15:16:08,836 - dem - INFO - Database initialized successfully
2025-06-02 15:16:08,836 - dem - INFO - Starting DEM service on port 5001
2025-06-02 15:16:25,298 - dem - INFO - Creating new extraction for source: restcountries
2025-06-02 15:16:26,714 - dem - INFO - Successfully created extraction c8106605-6f41-45d9-ba3c-7254a778d5bb for source: restcountries
2025-06-02 15:16:30,762 - dem - INFO - Getting all loads
2025-06-02 15:16:30,766 - dem - INFO - Successfully retrieved 21 loads
2025-06-02 15:16:37,106 - dem - INFO - Getting extractions for source: restcountries
2025-06-02 15:16:37,109 - dem - INFO - Successfully retrieved 7 extractions for source: restcountries
2025-06-02 15:16:37,114 - dem - INFO - Creating new load
2025-06-02 15:16:37,114 - dem - INFO - Creating load for service: mdm, extraction_id: c8106605-6f41-45d9-ba3c-7254a778d5bb
2025-06-02 15:16:37,128 - dem - INFO - Successfully created load 9a2db8bb-84a3-4ffc-b2e2-b2542790d091
2025-06-02 15:25:35,943 - dem - INFO - Initializing DEM service...
2025-06-02 15:25:35,970 - dem - INFO - Database initialized successfully
2025-06-02 15:25:35,971 - dem - INFO - Starting DEM service on port 5001
2025-06-02 15:25:36,545 - dem - INFO - Initializing DEM service...
2025-06-02 15:25:36,568 - dem - INFO - Database initialized successfully
2025-06-02 15:25:36,569 - dem - INFO - Starting DEM service on port 5001
2025-06-02 15:26:04,548 - dem - INFO - Getting all loads
2025-06-02 15:26:04,558 - dem - INFO - Successfully retrieved 0 loads
2025-06-02 15:33:29,137 - dem - INFO - Initializing DEM service...
2025-06-02 15:33:29,164 - dem - INFO - Database initialized successfully
2025-06-02 15:33:29,164 - dem - INFO - Starting DEM service on port 5001
2025-06-02 15:33:29,726 - dem - INFO - Initializing DEM service...
2025-06-02 15:33:29,749 - dem - INFO - Database initialized successfully
2025-06-02 15:33:29,749 - dem - INFO - Starting DEM service on port 5001
2025-06-02 15:33:33,059 - dem - INFO - Getting all loads
2025-06-02 15:33:33,070 - dem - INFO - Successfully retrieved 0 loads
2025-06-02 16:58:46,337 - dem - INFO - Initializing DEM service...
2025-06-02 16:58:46,338 - dem - ERROR - Failed to initialize database: (psycopg2.OperationalError) connection to server at "localhost" (::1), port 5433 failed: Connection refused
	Is the server running on that host and accepting TCP/IP connections?
connection to server at "localhost" (127.0.0.1), port 5433 failed: Connection refused
	Is the server running on that host and accepting TCP/IP connections?

(Background on this error at: https://sqlalche.me/e/20/e3q8)
2025-06-02 16:58:46,338 - dem - ERROR - Failed to start DEM service: (psycopg2.OperationalError) connection to server at "localhost" (::1), port 5433 failed: Connection refused
	Is the server running on that host and accepting TCP/IP connections?
connection to server at "localhost" (127.0.0.1), port 5433 failed: Connection refused
	Is the server running on that host and accepting TCP/IP connections?

(Background on this error at: https://sqlalche.me/e/20/e3q8)
2025-06-02 17:10:03,483 - dem - INFO - Initializing DEM service...
2025-06-02 17:10:03,495 - dem - ERROR - Failed to initialize database: (psycopg2.OperationalError) connection to server at "localhost" (::1), port 5433 failed: FATAL:  password authentication failed for user "postgres"

(Background on this error at: https://sqlalche.me/e/20/e3q8)
2025-06-02 17:10:03,496 - dem - ERROR - Failed to start DEM service: (psycopg2.OperationalError) connection to server at "localhost" (::1), port 5433 failed: FATAL:  password authentication failed for user "postgres"

(Background on this error at: https://sqlalche.me/e/20/e3q8)
2025-06-02 17:10:43,934 - dem - INFO - Initializing DEM service...
2025-06-02 17:10:43,946 - dem - ERROR - Failed to initialize database: (psycopg2.OperationalError) connection to server at "localhost" (::1), port 5433 failed: FATAL:  password authentication failed for user "postgres"

(Background on this error at: https://sqlalche.me/e/20/e3q8)
2025-06-02 17:10:43,946 - dem - ERROR - Failed to start DEM service: (psycopg2.OperationalError) connection to server at "localhost" (::1), port 5433 failed: FATAL:  password authentication failed for user "postgres"

(Background on this error at: https://sqlalche.me/e/20/e3q8)
2025-06-02 17:12:48,519 - dem - INFO - Initializing DEM service...
2025-06-02 17:12:48,531 - dem - ERROR - Failed to initialize database: (psycopg2.OperationalError) connection to server at "localhost" (::1), port 5433 failed: FATAL:  password authentication failed for user "postgres"

(Background on this error at: https://sqlalche.me/e/20/e3q8)
2025-06-02 17:12:48,531 - dem - ERROR - Failed to start DEM service: (psycopg2.OperationalError) connection to server at "localhost" (::1), port 5433 failed: FATAL:  password authentication failed for user "postgres"

(Background on this error at: https://sqlalche.me/e/20/e3q8)
2025-06-02 17:15:58,425 - dem - INFO - Initializing DEM service...
2025-06-02 17:15:58,449 - dem - INFO - Database initialized successfully
2025-06-02 17:15:58,449 - dem - INFO - Starting DEM service on port 5001
2025-06-02 17:15:59,006 - dem - INFO - Initializing DEM service...
2025-06-02 17:15:59,029 - dem - INFO - Database initialized successfully
2025-06-02 17:15:59,030 - dem - INFO - Starting DEM service on port 5001
2025-06-02 17:16:02,449 - dem - INFO - Getting all loads
2025-06-02 17:16:02,460 - dem - INFO - Successfully retrieved 0 loads
2025-06-02 17:16:21,125 - dem - INFO - Creating new extraction for source: restcountries
2025-06-02 17:16:22,562 - dem - INFO - Successfully created extraction 5d5ebb3f-a69b-4ce5-ad1e-b7d33a6d2e0a for source: restcountries
2025-06-02 17:16:26,167 - dem - INFO - Getting extractions for source: restcountries
2025-06-02 17:16:26,170 - dem - INFO - Successfully retrieved 1 extractions for source: restcountries
2025-06-02 17:16:26,174 - dem - INFO - Creating new load
2025-06-02 17:16:26,174 - dem - INFO - Creating load for service: mdm, extraction_id: 5d5ebb3f-a69b-4ce5-ad1e-b7d33a6d2e0a
2025-06-02 17:16:26,184 - dem - INFO - Successfully created load 01a8e99e-db49-4c7b-9e53-90eb164c5d77
2025-06-03 20:24:02,789 - dem - INFO - Initializing DEM service...
2025-06-03 20:24:02,836 - dem - INFO - Database initialized successfully
2025-06-03 20:24:02,836 - dem - INFO - Starting DEM service on port 5001
2025-06-03 20:24:03,401 - dem - INFO - Initializing DEM service...
2025-06-03 20:24:03,424 - dem - INFO - Database initialized successfully
2025-06-03 20:24:03,424 - dem - INFO - Starting DEM service on port 5001
2025-06-03 20:32:08,218 - dem - INFO - Getting all loads
2025-06-03 20:32:08,231 - dem - INFO - Successfully retrieved 1 loads
2025-06-03 20:33:12,129 - dem - INFO - Creating new extraction for source: restcountries
2025-06-03 20:33:13,563 - dem - INFO - Successfully created extraction 5c0126b0-f24a-4b44-a977-b61342bc1875 for source: restcountries
2025-06-03 20:33:18,036 - dem - INFO - Getting extractions for source: restcountries
2025-06-03 20:33:18,040 - dem - INFO - Successfully retrieved 2 extractions for source: restcountries
2025-06-03 20:33:18,043 - dem - INFO - Creating new load
2025-06-03 20:33:18,044 - dem - INFO - Creating load for service: mdm, extraction_id: 5c0126b0-f24a-4b44-a977-b61342bc1875
2025-06-03 20:33:18,053 - dem - INFO - Successfully created load cc1ec860-684b-44ae-9f2a-21098d267366
2025-06-03 20:34:19,873 - dem - INFO - Getting extractions for source: restcountries
2025-06-03 20:34:19,875 - dem - INFO - Successfully retrieved 2 extractions for source: restcountries
2025-06-03 20:34:19,878 - dem - INFO - Creating new load
2025-06-03 20:34:19,879 - dem - INFO - Creating load for service: mdm, extraction_id: 5c0126b0-f24a-4b44-a977-b61342bc1875
2025-06-03 20:34:19,888 - dem - INFO - Successfully created load 0a81b03e-0f52-48fa-95a6-ea65eeaa6868
2025-06-03 20:40:42,128 - dem - INFO - Getting extractions for source: restcountries
2025-06-03 20:40:42,130 - dem - INFO - Successfully retrieved 2 extractions for source: restcountries
2025-06-03 20:40:42,134 - dem - INFO - Creating new load
2025-06-03 20:40:42,134 - dem - INFO - Creating load for service: mdm, extraction_id: 5c0126b0-f24a-4b44-a977-b61342bc1875
2025-06-03 20:40:42,140 - dem - INFO - Successfully created load b75cd5fb-b740-42e7-974b-c22421759e12
2025-06-03 20:42:51,250 - dem - INFO - Getting extractions for source: restcountries
2025-06-03 20:42:51,252 - dem - INFO - Successfully retrieved 2 extractions for source: restcountries
2025-06-03 20:42:51,256 - dem - INFO - Creating new load
2025-06-03 20:42:51,257 - dem - INFO - Creating load for service: mdm, extraction_id: 5c0126b0-f24a-4b44-a977-b61342bc1875
2025-06-03 20:42:51,263 - dem - INFO - Successfully created load 4549b6a7-3299-4ded-8451-e747e2349ac7
2025-06-03 20:52:43,437 - dem - INFO - Initializing DEM service...
2025-06-03 20:52:43,462 - dem - INFO - Database initialized successfully
2025-06-03 20:52:43,462 - dem - INFO - Starting DEM service on port 5001
2025-06-03 20:53:10,289 - dem - INFO - Initializing DEM service...
2025-06-03 20:53:10,313 - dem - INFO - Database initialized successfully
2025-06-03 20:53:10,313 - dem - INFO - Starting DEM service on port 5001
2025-06-03 20:55:36,565 - dem - INFO - Initializing DEM service...
2025-06-03 20:55:36,589 - dem - INFO - Database initialized successfully
2025-06-03 20:55:36,589 - dem - INFO - Starting DEM service on port 5001
2025-06-03 20:55:37,164 - dem - INFO - Initializing DEM service...
2025-06-03 20:55:37,188 - dem - INFO - Database initialized successfully
2025-06-03 20:55:37,188 - dem - INFO - Starting DEM service on port 5001
2025-06-03 20:55:45,184 - dem - INFO - Getting extractions for source: restcountries
2025-06-03 20:55:45,196 - dem - INFO - Successfully retrieved 2 extractions for source: restcountries
2025-06-03 20:55:45,200 - dem - INFO - Creating new load
2025-06-03 20:55:45,200 - dem - INFO - Creating load for service: mdm, extraction_id: 5c0126b0-f24a-4b44-a977-b61342bc1875
2025-06-03 20:55:45,211 - dem - INFO - Successfully created load 43147d22-0ff0-4c25-8093-5d279eab316a
2025-06-03 20:57:34,952 - dem - INFO - Creating new extraction for source: restcountries
2025-06-03 20:57:36,497 - dem - INFO - Successfully created extraction 958d3bcc-e423-428a-80cb-14f9d1554a92 for source: restcountries
2025-06-03 20:57:38,640 - dem - INFO - Getting extractions for source: restcountries
2025-06-03 20:57:38,642 - dem - INFO - Successfully retrieved 3 extractions for source: restcountries
2025-06-03 20:57:38,646 - dem - INFO - Creating new load
2025-06-03 20:57:38,646 - dem - INFO - Creating load for service: mdm, extraction_id: 958d3bcc-e423-428a-80cb-14f9d1554a92
2025-06-03 20:57:38,655 - dem - INFO - Successfully created load e8878b2c-0674-4800-a981-3e6b71a07dae
2025-06-03 21:04:34,207 - dem - INFO - Getting extractions for source: restcountries
2025-06-03 21:04:34,209 - dem - INFO - Successfully retrieved 3 extractions for source: restcountries
2025-06-03 21:04:34,213 - dem - INFO - Creating new load
2025-06-03 21:04:34,213 - dem - INFO - Creating load for service: mdm, extraction_id: 958d3bcc-e423-428a-80cb-14f9d1554a92
2025-06-03 21:04:34,224 - dem - INFO - Successfully created load 50b8f531-34b5-4d0c-b643-2da296437111
2025-06-03 21:05:23,339 - dem - INFO - Getting extractions for source: restcountries
2025-06-03 21:05:23,342 - dem - INFO - Successfully retrieved 3 extractions for source: restcountries
2025-06-03 21:05:23,345 - dem - INFO - Creating new load
2025-06-03 21:05:23,346 - dem - INFO - Creating load for service: mdm, extraction_id: 958d3bcc-e423-428a-80cb-14f9d1554a92
2025-06-03 21:05:23,352 - dem - INFO - Successfully created load c9ed24b0-aa05-4125-82e9-47161c43e963
2025-06-03 21:05:56,017 - dem - INFO - Getting extractions for source: restcountries
2025-06-03 21:05:56,019 - dem - INFO - Successfully retrieved 3 extractions for source: restcountries
2025-06-03 21:05:56,023 - dem - INFO - Creating new load
2025-06-03 21:05:56,023 - dem - INFO - Creating load for service: mdm, extraction_id: 958d3bcc-e423-428a-80cb-14f9d1554a92
2025-06-03 21:05:56,032 - dem - INFO - Successfully created load 0fbbb2db-c1fa-420d-9039-806f2c3be178
2025-06-03 21:12:51,163 - dem - INFO - Initializing DEM service...
2025-06-03 21:12:51,187 - dem - INFO - Database initialized successfully
2025-06-03 21:12:51,187 - dem - INFO - Starting DEM service on port 5001
2025-06-03 21:12:51,759 - dem - INFO - Initializing DEM service...
2025-06-03 21:12:51,782 - dem - INFO - Database initialized successfully
2025-06-03 21:12:51,783 - dem - INFO - Starting DEM service on port 5001
2025-06-03 21:13:21,563 - dem - INFO - Initializing DEM service...
2025-06-03 21:13:21,586 - dem - INFO - Database initialized successfully
2025-06-03 21:13:21,586 - dem - INFO - Starting DEM service on port 5001
2025-06-03 21:13:22,156 - dem - INFO - Initializing DEM service...
2025-06-03 21:13:22,179 - dem - INFO - Database initialized successfully
2025-06-03 21:13:22,180 - dem - INFO - Starting DEM service on port 5001
2025-06-03 21:13:26,105 - dem - INFO - Getting extractions for source: restcountries
2025-06-03 21:13:26,117 - dem - INFO - Successfully retrieved 3 extractions for source: restcountries
2025-06-03 21:13:26,122 - dem - INFO - Creating new load
2025-06-03 21:13:26,122 - dem - INFO - Creating load for service: mdm, extraction_id: 958d3bcc-e423-428a-80cb-14f9d1554a92
2025-06-03 21:13:26,137 - dem - INFO - Successfully created load 9ed6b5de-fc73-4f58-ba34-c8fb88d39c47
2025-06-03 21:30:05,636 - dem - INFO - Getting extractions for source: restcountries
2025-06-03 21:30:05,638 - dem - INFO - Successfully retrieved 3 extractions for source: restcountries
2025-06-03 21:30:05,642 - dem - INFO - Creating new load
2025-06-03 21:30:05,642 - dem - INFO - Creating load for service: mdm, extraction_id: 958d3bcc-e423-428a-80cb-14f9d1554a92
2025-06-03 21:30:05,648 - dem - INFO - Successfully created load fc601bd2-546e-4b72-ad57-639e2597ba59
2025-06-03 21:34:02,545 - dem - INFO - Getting extractions for source: restcountries
2025-06-03 21:34:02,547 - dem - INFO - Successfully retrieved 3 extractions for source: restcountries
2025-06-03 21:34:02,551 - dem - INFO - Creating new load
2025-06-03 21:34:02,551 - dem - INFO - Creating load for service: mdm, extraction_id: 958d3bcc-e423-428a-80cb-14f9d1554a92
2025-06-03 21:34:02,559 - dem - INFO - Successfully created load 8c383ada-9d27-4c5d-8e95-a9be2e0a8d26
2025-06-03 21:40:04,229 - dem - INFO - Getting extractions for source: restcountries
2025-06-03 21:40:04,231 - dem - INFO - Successfully retrieved 3 extractions for source: restcountries
2025-06-03 21:40:04,235 - dem - INFO - Creating new load
2025-06-03 21:40:04,235 - dem - INFO - Creating load for service: mdm, extraction_id: 958d3bcc-e423-428a-80cb-14f9d1554a92
2025-06-03 21:40:04,242 - dem - INFO - Successfully created load c3dac4e5-ebbf-4dee-ab3f-acb99fd6e9ae
2025-06-03 21:40:22,099 - dem - INFO - Creating new extraction for source: restcountries
2025-06-03 21:40:23,517 - dem - INFO - Successfully created extraction 2e1c1dc0-eb13-4ff8-b9f9-a3a218cbafff for source: restcountries
2025-06-03 21:40:26,147 - dem - INFO - Getting extractions for source: restcountries
2025-06-03 21:40:26,149 - dem - INFO - Successfully retrieved 4 extractions for source: restcountries
2025-06-03 21:40:26,153 - dem - INFO - Creating new load
2025-06-03 21:40:26,153 - dem - INFO - Creating load for service: mdm, extraction_id: 2e1c1dc0-eb13-4ff8-b9f9-a3a218cbafff
2025-06-03 21:40:26,162 - dem - INFO - Successfully created load 7fa172fa-6b7a-459b-9248-1abc2fb8d10f
2025-06-03 21:43:31,826 - dem - INFO - Getting extractions for source: restcountries
2025-06-03 21:43:31,828 - dem - INFO - Successfully retrieved 4 extractions for source: restcountries
2025-06-03 21:43:31,832 - dem - INFO - Creating new load
2025-06-03 21:43:31,832 - dem - INFO - Creating load for service: mdm, extraction_id: 2e1c1dc0-eb13-4ff8-b9f9-a3a218cbafff
2025-06-03 21:43:31,839 - dem - INFO - Successfully created load 5876f6db-b6a1-4e69-b5b0-b60069e299d7
2025-06-03 21:59:47,298 - dem - INFO - Initializing DEM service...
2025-06-03 21:59:47,322 - dem - INFO - Database initialized successfully
2025-06-03 21:59:47,322 - dem - INFO - Starting DEM service on port 5001
2025-06-03 21:59:47,893 - dem - INFO - Initializing DEM service...
2025-06-03 21:59:47,917 - dem - INFO - Database initialized successfully
2025-06-03 21:59:47,917 - dem - INFO - Starting DEM service on port 5001
2025-06-03 21:59:52,245 - dem - INFO - Getting extractions for source: restcountries
2025-06-03 21:59:52,263 - dem - INFO - Successfully retrieved 4 extractions for source: restcountries
2025-06-03 21:59:52,268 - dem - INFO - Creating new load
2025-06-03 21:59:52,268 - dem - INFO - Creating load for service: mdm, extraction_id: 2e1c1dc0-eb13-4ff8-b9f9-a3a218cbafff
2025-06-03 21:59:52,282 - dem - INFO - Successfully created load 2a53ce1e-c0ec-4201-b517-1196bb8e0887
2025-06-03 22:03:25,421 - dem - INFO - Initializing DEM service...
2025-06-03 22:03:25,444 - dem - INFO - Database initialized successfully
2025-06-03 22:03:25,444 - dem - INFO - Starting DEM service on port 5001
2025-06-03 22:03:27,169 - dem - INFO - Initializing DEM service...
2025-06-03 22:03:27,192 - dem - INFO - Database initialized successfully
2025-06-03 22:03:27,192 - dem - INFO - Starting DEM service on port 5001
2025-06-03 22:07:06,689 - dem - INFO - Initializing DEM service...
2025-06-03 22:07:06,712 - dem - INFO - Database initialized successfully
2025-06-03 22:07:06,713 - dem - INFO - Starting DEM service on port 5001
2025-06-03 22:07:10,523 - dem - INFO - Initializing DEM service...
2025-06-03 22:07:10,548 - dem - INFO - Database initialized successfully
2025-06-03 22:07:10,548 - dem - INFO - Starting DEM service on port 5001
2025-06-03 22:07:15,177 - dem - INFO - Getting extractions for source: restcountries
2025-06-03 22:07:15,188 - dem - INFO - Successfully retrieved 4 extractions for source: restcountries
2025-06-03 22:07:15,192 - dem - INFO - Creating new load
2025-06-03 22:07:15,192 - dem - INFO - Creating load for service: mdm, extraction_id: 2e1c1dc0-eb13-4ff8-b9f9-a3a218cbafff
2025-06-03 22:07:15,203 - dem - INFO - Successfully created load 8c643342-d603-4b7f-b178-44aa8b32ffef
2025-06-03 22:07:55,719 - dem - INFO - Getting extractions for source: restcountries
2025-06-03 22:07:55,722 - dem - INFO - Successfully retrieved 4 extractions for source: restcountries
2025-06-03 22:07:55,726 - dem - INFO - Creating new load
2025-06-03 22:07:55,726 - dem - INFO - Creating load for service: mdm, extraction_id: 2e1c1dc0-eb13-4ff8-b9f9-a3a218cbafff
2025-06-03 22:07:55,732 - dem - INFO - Successfully created load f5796a48-3535-4fde-a50a-0fa5a0f863c7
2025-06-03 22:11:58,213 - dem - INFO - Getting extractions for source: restcountries
2025-06-03 22:11:58,216 - dem - INFO - Successfully retrieved 4 extractions for source: restcountries
2025-06-03 22:11:58,219 - dem - INFO - Creating new load
2025-06-03 22:11:58,220 - dem - INFO - Creating load for service: mdm, extraction_id: 2e1c1dc0-eb13-4ff8-b9f9-a3a218cbafff
2025-06-03 22:11:58,227 - dem - INFO - Successfully created load 37df1f14-06c1-4b8b-b94d-7dbc53033a13
2025-06-03 22:19:16,590 - dem - INFO - Getting extractions for source: restcountries
2025-06-03 22:19:16,593 - dem - INFO - Successfully retrieved 4 extractions for source: restcountries
2025-06-03 22:19:16,597 - dem - INFO - Creating new load
2025-06-03 22:19:16,597 - dem - INFO - Creating load for service: mdm, extraction_id: 2e1c1dc0-eb13-4ff8-b9f9-a3a218cbafff
2025-06-03 22:19:16,604 - dem - INFO - Successfully created load 05b6add1-7b2f-4a0a-9106-6169d9ddcd59
2025-06-03 22:29:57,242 - dem - INFO - Getting extractions for source: restcountries
2025-06-03 22:29:57,244 - dem - INFO - Successfully retrieved 4 extractions for source: restcountries
2025-06-03 22:29:57,248 - dem - INFO - Creating new load
2025-06-03 22:29:57,248 - dem - INFO - Creating load for service: mdm, extraction_id: 2e1c1dc0-eb13-4ff8-b9f9-a3a218cbafff
2025-06-03 22:29:57,255 - dem - INFO - Successfully created load 62e67188-7f74-40c0-adb3-99c23a9737e1
2025-06-03 22:30:07,430 - dem - INFO - Getting extractions for source: restcountries
2025-06-03 22:30:07,432 - dem - INFO - Successfully retrieved 4 extractions for source: restcountries
2025-06-03 22:30:07,436 - dem - INFO - Creating new load
2025-06-03 22:30:07,436 - dem - INFO - Creating load for service: mdm, extraction_id: 2e1c1dc0-eb13-4ff8-b9f9-a3a218cbafff
2025-06-03 22:30:07,447 - dem - INFO - Successfully created load 4f6adae5-766c-43bf-af91-80b9e78913f2
2025-06-03 22:38:06,290 - dem - INFO - Initializing DEM service...
2025-06-03 22:38:06,313 - dem - INFO - Database initialized successfully
2025-06-03 22:38:06,313 - dem - INFO - Starting DEM service on port 5001
2025-06-03 22:39:32,301 - dem - INFO - Initializing DEM service...
2025-06-03 22:39:32,325 - dem - INFO - Database initialized successfully
2025-06-03 22:39:32,325 - dem - INFO - Starting DEM service on port 5001
2025-06-03 22:40:51,380 - dem - INFO - Initializing DEM service...
2025-06-03 22:40:51,405 - dem - INFO - Database initialized successfully
2025-06-03 22:40:51,406 - dem - INFO - Starting DEM service on port 5001
2025-06-03 22:41:24,247 - dem - INFO - Initializing DEM service...
2025-06-03 22:41:24,270 - dem - INFO - Database initialized successfully
2025-06-03 22:41:24,271 - dem - INFO - Starting DEM service on port 5001
2025-06-03 22:41:40,007 - dem - INFO - Initializing DEM service...
2025-06-03 22:41:40,030 - dem - INFO - Database initialized successfully
2025-06-03 22:41:40,030 - dem - INFO - Starting DEM service on port 5001
2025-06-03 22:44:09,342 - dem - INFO - Initializing DEM service...
2025-06-03 22:44:09,374 - dem - INFO - Database initialized successfully
2025-06-03 22:44:09,374 - dem - INFO - Starting DEM service on port 5001
2025-06-03 22:44:15,149 - dem - INFO - Initializing DEM service...
2025-06-03 22:44:15,173 - dem - INFO - Database initialized successfully
2025-06-03 22:44:15,173 - dem - INFO - Starting DEM service on port 5001
2025-06-03 22:44:25,150 - dem - INFO - Getting extractions for source: restcountries
2025-06-03 22:44:25,162 - dem - INFO - Successfully retrieved 4 extractions for source: restcountries
2025-06-03 22:44:25,166 - dem - INFO - Creating new load
2025-06-03 22:44:25,166 - dem - INFO - Creating load for service: mdm, extraction_id: 2e1c1dc0-eb13-4ff8-b9f9-a3a218cbafff
2025-06-03 22:44:25,178 - dem - INFO - Successfully created load 2715d870-ebd5-4aea-b73b-dc40cd258807
2025-06-03 22:47:55,755 - dem - INFO - Initializing DEM service...
2025-06-03 22:47:55,779 - dem - INFO - Database initialized successfully
2025-06-03 22:47:55,779 - dem - INFO - Starting DEM service on port 5001
2025-06-03 22:48:03,558 - dem - INFO - Initializing DEM service...
2025-06-03 22:48:03,582 - dem - INFO - Database initialized successfully
2025-06-03 22:48:03,582 - dem - INFO - Starting DEM service on port 5001
2025-06-03 22:48:17,408 - dem - INFO - Initializing DEM service...
2025-06-03 22:48:17,433 - dem - INFO - Database initialized successfully
2025-06-03 22:48:17,433 - dem - INFO - Starting DEM service on port 5001
2025-06-03 22:48:22,174 - dem - INFO - Initializing DEM service...
2025-06-03 22:48:22,198 - dem - INFO - Database initialized successfully
2025-06-03 22:48:22,198 - dem - INFO - Starting DEM service on port 5001
2025-06-03 22:48:30,012 - dem - INFO - Initializing DEM service...
2025-06-03 22:48:30,037 - dem - INFO - Database initialized successfully
2025-06-03 22:48:30,037 - dem - INFO - Starting DEM service on port 5001
2025-06-03 23:01:47,943 - dem - INFO - Getting extractions for source: restcountries
2025-06-03 23:01:47,955 - dem - INFO - Successfully retrieved 4 extractions for source: restcountries
2025-06-03 23:01:47,959 - dem - INFO - Creating new load
2025-06-03 23:01:47,960 - dem - INFO - Creating load for service: mdm, extraction_id: 2e1c1dc0-eb13-4ff8-b9f9-a3a218cbafff
2025-06-03 23:01:47,971 - dem - INFO - Successfully created load 87e4a5b2-4c7d-4c7b-a4e6-c71da223a8cc
2025-06-04 02:30:52,791 - dem - INFO - Initializing DEM service...
2025-06-04 02:30:52,792 - dem - ERROR - Failed to initialize database: (psycopg2.OperationalError) connection to server at "localhost" (::1), port 5433 failed: Connection refused
	Is the server running on that host and accepting TCP/IP connections?
connection to server at "localhost" (127.0.0.1), port 5433 failed: Connection refused
	Is the server running on that host and accepting TCP/IP connections?

(Background on this error at: https://sqlalche.me/e/20/e3q8)
2025-06-04 02:30:52,793 - dem - ERROR - Failed to start DEM service: (psycopg2.OperationalError) connection to server at "localhost" (::1), port 5433 failed: Connection refused
	Is the server running on that host and accepting TCP/IP connections?
connection to server at "localhost" (127.0.0.1), port 5433 failed: Connection refused
	Is the server running on that host and accepting TCP/IP connections?

(Background on this error at: https://sqlalche.me/e/20/e3q8)
2025-06-04 02:36:12,958 - dem - INFO - Initializing DEM service...
2025-06-04 02:36:12,967 - dem - ERROR - Failed to initialize database: (psycopg2.OperationalError) connection to server at "dem-db" (172.22.0.2), port 5432 failed: Connection refused
	Is the server running on that host and accepting TCP/IP connections?

(Background on this error at: https://sqlalche.me/e/20/e3q8)
2025-06-04 02:36:12,968 - dem - ERROR - Failed to start DEM service: (psycopg2.OperationalError) connection to server at "dem-db" (172.22.0.2), port 5432 failed: Connection refused
	Is the server running on that host and accepting TCP/IP connections?

(Background on this error at: https://sqlalche.me/e/20/e3q8)
2025-06-04 02:43:40,126 - dem - INFO - Initializing DEM service...
2025-06-04 02:43:40,148 - dem - INFO - Database initialized successfully
2025-06-04 02:43:40,148 - dem - INFO - Starting DEM service on port 5001
2025-06-04 02:43:40,397 - dem - INFO - Initializing DEM service...
2025-06-04 02:43:40,407 - dem - INFO - Database initialized successfully
2025-06-04 02:43:40,407 - dem - INFO - Starting DEM service on port 5001
2025-06-04 02:50:44,873 - dem - INFO - Initializing DEM service...
2025-06-04 02:50:44,899 - dem - INFO - Database initialized successfully
2025-06-04 02:50:44,900 - dem - INFO - Starting DEM service on port 5001
2025-06-04 02:50:45,160 - dem - INFO - Initializing DEM service...
2025-06-04 02:50:45,171 - dem - INFO - Database initialized successfully
2025-06-04 02:50:45,171 - dem - INFO - Starting DEM service on port 5001
2025-06-04 02:54:33,195 - dem - INFO - Initializing DEM service...
2025-06-04 02:54:33,239 - dem - INFO - Database initialized successfully
2025-06-04 02:54:33,239 - dem - INFO - Starting DEM service on port 5001
2025-06-04 02:54:33,547 - dem - INFO - Initializing DEM service...
2025-06-04 02:54:33,560 - dem - INFO - Database initialized successfully
2025-06-04 02:54:33,560 - dem - INFO - Starting DEM service on port 5001
2025-06-04 03:24:59,174 - dem - INFO - Initializing DEM service...
2025-06-04 03:24:59,196 - dem - INFO - Database initialized successfully
2025-06-04 03:24:59,197 - dem - INFO - Starting DEM service on port 5001
2025-06-04 03:24:59,484 - dem - INFO - Initializing DEM service...
2025-06-04 03:24:59,495 - dem - INFO - Database initialized successfully
2025-06-04 03:24:59,495 - dem - INFO - Starting DEM service on port 5001
2025-06-04 12:06:53,368 - dem - INFO - Initializing DEM service...
2025-06-04 12:06:53,415 - dem - INFO - Database initialized successfully
2025-06-04 12:06:53,415 - dem - INFO - Starting DEM service on port 5001
2025-06-04 12:06:53,762 - dem - INFO - Initializing DEM service...
2025-06-04 12:06:53,776 - dem - INFO - Database initialized successfully
2025-06-04 12:06:53,776 - dem - INFO - Starting DEM service on port 5001
2025-06-04 12:15:45,639 - dem - INFO - Initializing DEM service...
2025-06-04 12:15:45,666 - dem - INFO - Database initialized successfully
2025-06-04 12:15:45,666 - dem - INFO - Starting DEM service on port 5001
2025-06-04 12:15:45,931 - dem - INFO - Initializing DEM service...
2025-06-04 12:15:45,940 - dem - INFO - Database initialized successfully
2025-06-04 12:15:45,940 - dem - INFO - Starting DEM service on port 5001
2025-06-04 12:15:48,032 - dem - INFO - Creating new extraction for source: restcountries
2025-06-04 12:15:50,154 - dem - INFO - Successfully created extraction 49104a4c-6a9b-407b-9d9f-ee6942adb275 for source: restcountries
2025-06-04 12:16:22,296 - dem - INFO - Creating new extraction for source: restcountries
2025-06-04 12:16:24,504 - dem - INFO - Successfully created extraction 62787a5f-4ec8-4595-97aa-62506db5efd6 for source: restcountries
2025-06-04 12:16:35,227 - dem - INFO - Getting extractions for source: restcountries
2025-06-04 12:16:35,247 - dem - INFO - Successfully retrieved 2 extractions for source: restcountries
