2025-05-31 20:19:32,000 - dem - INFO - Initializing DEM service...
2025-05-31 20:19:32,093 - dem - INFO - Database initialized successfully
2025-05-31 20:19:32,093 - dem - INFO - Starting DEM service on port 5001
2025-05-31 20:19:47,728 - dem - INFO - Initializing DEM service...
2025-05-31 20:19:47,770 - dem - INFO - Database initialized successfully
2025-05-31 20:19:47,770 - dem - INFO - Starting DEM service on port 5001
2025-05-31 20:19:48,940 - dem - INFO - Initializing DEM service...
2025-05-31 20:19:48,995 - dem - INFO - Database initialized successfully
2025-05-31 20:19:48,995 - dem - INFO - Starting DEM service on port 5001
2025-05-31 20:19:50,802 - dem - INFO - Getting extractions for source: restcountries
2025-05-31 20:19:50,829 - dem - INFO - Successfully retrieved 1 extractions for source: restcountries
2025-05-31 20:19:51,640 - dem - INFO - Getting extractions for source: restcountries
2025-05-31 20:19:51,646 - dem - INFO - Successfully retrieved 1 extractions for source: restcountries
2025-05-31 20:20:03,644 - dem - INFO - Getting extractions for source: restcountries
2025-05-31 20:20:03,665 - dem - INFO - Successfully retrieved 1 extractions for source: restcountries
2025-05-31 20:23:08,551 - dem - INFO - Initializing DEM service...
2025-05-31 20:23:08,590 - dem - INFO - Database initialized successfully
2025-05-31 20:23:08,590 - dem - INFO - Starting DEM service on port 5001
2025-05-31 20:23:09,790 - dem - INFO - Initializing DEM service...
2025-05-31 20:23:09,865 - dem - INFO - Database initialized successfully
2025-05-31 20:23:09,866 - dem - INFO - Starting DEM service on port 5001
2025-05-31 20:23:12,274 - dem - INFO - Getting extractions for source: restcountries
2025-05-31 20:23:12,315 - dem - INFO - Successfully retrieved 1 extractions for source: restcountries
2025-05-31 20:23:12,325 - dem - INFO - Creating new load
2025-05-31 20:23:12,326 - dem - INFO - Creating load for service: mdm, extraction_id: d03ff487-09fb-44b7-9e52-5c8b88af643d
2025-05-31 20:23:12,354 - dem - INFO - Successfully created load d220ce1b-334a-46f4-9343-fbf0616f002f
2025-05-31 20:23:13,913 - dem - INFO - Getting extractions for source: restcountries
2025-05-31 20:23:13,916 - dem - INFO - Successfully retrieved 1 extractions for source: restcountries
2025-05-31 20:23:13,921 - dem - INFO - Creating new load
2025-05-31 20:23:13,922 - dem - INFO - Creating load for service: mdm, extraction_id: d03ff487-09fb-44b7-9e52-5c8b88af643d
2025-05-31 20:23:13,932 - dem - INFO - Successfully created load 5b5df6b6-d474-4db4-a0f1-bc44039f3862
2025-05-31 20:23:51,545 - dem - INFO - Getting extractions for source: restcountries
2025-05-31 20:23:51,560 - dem - INFO - Successfully retrieved 1 extractions for source: restcountries
2025-05-31 20:23:51,567 - dem - INFO - Creating new load
2025-05-31 20:23:51,568 - dem - INFO - Creating load for service: mdm, extraction_id: d03ff487-09fb-44b7-9e52-5c8b88af643d
2025-05-31 20:23:51,587 - dem - INFO - Successfully created load 99f964cc-c9b6-4c25-9383-85c12c6fd253
2025-05-31 20:25:56,663 - dem - INFO - Initializing DEM service...
2025-05-31 20:25:56,764 - dem - INFO - Database initialized successfully
2025-05-31 20:25:56,764 - dem - INFO - Starting DEM service on port 5001
2025-05-31 20:26:34,758 - dem - INFO - Getting extractions for source: restcountries
2025-05-31 20:26:34,792 - dem - INFO - Successfully retrieved 1 extractions for source: restcountries
2025-05-31 20:26:39,103 - dem - INFO - Creating new extraction for source: restcountries
2025-05-31 20:26:42,944 - dem - INFO - Successfully created extraction 4aecb236-e1f3-43a3-9b61-6f2dded5dfde for source: restcountries
2025-05-31 20:27:15,737 - dem - INFO - Initializing DEM service...
2025-05-31 20:27:15,800 - dem - INFO - Database initialized successfully
2025-05-31 20:27:15,800 - dem - INFO - Starting DEM service on port 5001
2025-05-31 20:27:32,753 - dem - INFO - Getting extractions for source: restcountries
2025-05-31 20:27:32,783 - dem - INFO - Successfully retrieved 2 extractions for source: restcountries
2025-05-31 20:27:32,789 - dem - INFO - Creating new load
2025-05-31 20:27:32,790 - dem - INFO - Creating load for service: mdm, extraction_id: 4aecb236-e1f3-43a3-9b61-6f2dded5dfde
2025-05-31 20:27:32,807 - dem - INFO - Successfully created load e0507610-3c11-4a3e-88b0-b535d8c7aa35
2025-05-31 20:28:30,969 - dem - INFO - Getting extractions for source: restcountries
2025-05-31 20:28:30,989 - dem - INFO - Successfully retrieved 2 extractions for source: restcountries
2025-05-31 20:28:31,005 - dem - INFO - Creating new load
2025-05-31 20:28:31,006 - dem - INFO - Creating load for service: mdm, extraction_id: 4aecb236-e1f3-43a3-9b61-6f2dded5dfde
2025-05-31 20:28:31,024 - dem - INFO - Successfully created load 5a55a94c-221f-4689-b38b-a3c72defcf0a
2025-05-31 20:28:38,343 - dem - INFO - Getting extractions for source: restcountries
2025-05-31 20:28:38,356 - dem - INFO - Successfully retrieved 2 extractions for source: restcountries
2025-05-31 20:28:38,363 - dem - INFO - Creating new load
2025-05-31 20:28:38,363 - dem - INFO - Creating load for service: mdm, extraction_id: 4aecb236-e1f3-43a3-9b61-6f2dded5dfde
2025-05-31 20:28:38,384 - dem - INFO - Successfully created load e7d07433-3b1c-4449-9273-d180f2b746a2
2025-05-31 20:28:44,216 - dem - INFO - Getting extractions for source: restcountries
2025-05-31 20:28:44,223 - dem - INFO - Successfully retrieved 2 extractions for source: restcountries
2025-05-31 20:28:44,230 - dem - INFO - Creating new load
2025-05-31 20:28:44,230 - dem - INFO - Creating load for service: mdm, extraction_id: 4aecb236-e1f3-43a3-9b61-6f2dded5dfde
2025-05-31 20:28:44,243 - dem - INFO - Successfully created load f26d6a94-36d4-42a9-91d5-a6d721e7cbe1
2025-05-31 20:30:19,090 - dem - INFO - Initializing DEM service...
2025-05-31 20:30:19,146 - dem - INFO - Database initialized successfully
2025-05-31 20:30:19,146 - dem - INFO - Starting DEM service on port 5001
2025-05-31 20:30:22,400 - dem - INFO - Getting extractions for source: restcountries
2025-05-31 20:30:22,487 - dem - INFO - Successfully retrieved 2 extractions for source: restcountries
2025-05-31 20:30:22,573 - dem - INFO - Creating new load
2025-05-31 20:30:22,662 - dem - INFO - Creating load for service: mdm, extraction_id: 4aecb236-e1f3-43a3-9b61-6f2dded5dfde
2025-05-31 20:30:22,751 - dem - INFO - Successfully created load 60613f71-d379-4e34-bc70-ff684251efb1
2025-05-31 20:30:26,844 - dem - INFO - Getting extractions for source: restcountries
2025-05-31 20:30:26,853 - dem - INFO - Successfully retrieved 2 extractions for source: restcountries
2025-05-31 20:30:26,864 - dem - INFO - Creating new load
2025-05-31 20:30:26,865 - dem - INFO - Creating load for service: mdm, extraction_id: 4aecb236-e1f3-43a3-9b61-6f2dded5dfde
2025-05-31 20:30:26,879 - dem - INFO - Successfully created load 2e165f69-8dea-4b7b-8239-dd075937107c
2025-05-31 20:30:46,786 - dem - INFO - Initializing DEM service...
2025-05-31 20:30:46,855 - dem - INFO - Database initialized successfully
2025-05-31 20:30:46,855 - dem - INFO - Starting DEM service on port 5001
2025-05-31 20:30:46,917 - dem - INFO - Getting extractions for source: restcountries
2025-05-31 20:30:46,936 - dem - INFO - Successfully retrieved 2 extractions for source: restcountries
2025-05-31 20:30:46,947 - dem - INFO - Creating new load
2025-05-31 20:30:46,948 - dem - INFO - Creating load for service: mdm, extraction_id: 4aecb236-e1f3-43a3-9b61-6f2dded5dfde
2025-05-31 20:30:46,970 - dem - INFO - Successfully created load ef98577d-7b93-4216-ac65-a5fc2cfc49bd
2025-05-31 20:31:11,281 - dem - INFO - Initializing DEM service...
2025-05-31 20:31:11,351 - dem - INFO - Database initialized successfully
2025-05-31 20:31:11,351 - dem - INFO - Starting DEM service on port 5001
2025-05-31 20:31:35,076 - dem - INFO - Getting extractions for source: restcountries
2025-05-31 20:31:35,126 - dem - INFO - Successfully retrieved 2 extractions for source: restcountries
2025-05-31 20:31:35,139 - dem - INFO - Creating new load
2025-05-31 20:31:35,141 - dem - INFO - Creating load for service: mdm, extraction_id: 4aecb236-e1f3-43a3-9b61-6f2dded5dfde
2025-05-31 20:31:35,159 - dem - INFO - Successfully created load 6ff63335-b3ac-4d21-8bb0-c43e5d2db60e
2025-05-31 20:39:29,252 - dem - INFO - Getting extractions for source: restcountries
2025-05-31 20:39:29,273 - dem - INFO - Successfully retrieved 2 extractions for source: restcountries
2025-05-31 20:39:29,281 - dem - INFO - Creating new load
2025-05-31 20:39:29,282 - dem - INFO - Creating load for service: mdm, extraction_id: 4aecb236-e1f3-43a3-9b61-6f2dded5dfde
2025-05-31 20:39:29,312 - dem - INFO - Successfully created load b6953057-0170-4f78-9c2c-6ef2d75ee22f
2025-05-31 20:39:53,049 - dem - INFO - Getting extractions for source: restcountries
2025-05-31 20:39:53,064 - dem - INFO - Successfully retrieved 2 extractions for source: restcountries
2025-05-31 20:39:53,070 - dem - INFO - Creating new load
2025-05-31 20:39:53,071 - dem - INFO - Creating load for service: mdm, extraction_id: 4aecb236-e1f3-43a3-9b61-6f2dded5dfde
2025-05-31 20:39:53,096 - dem - INFO - Successfully created load cb3d6801-3ce5-49b6-8606-bb4ad53036b4
2025-05-31 20:39:59,264 - dem - INFO - Getting extractions for source: restcountries
2025-05-31 20:39:59,277 - dem - INFO - Successfully retrieved 2 extractions for source: restcountries
2025-05-31 20:39:59,290 - dem - INFO - Creating new load
2025-05-31 20:39:59,290 - dem - INFO - Creating load for service: mdm, extraction_id: 4aecb236-e1f3-43a3-9b61-6f2dded5dfde
2025-05-31 20:39:59,303 - dem - INFO - Successfully created load 081bc401-efae-47a9-bf3f-e9021c8b5439
