2025-05-31 20:05:27,782 - mdm - ERROR - Unhandled error: 404 Not Found: The requested URL was not found on the server. If you entered the URL manually please check your spelling and try again.
2025-05-31 20:07:31,983 - mdm - ERROR - Unhandled error: HTTPConnectionPool(host='dem-service', port=80): Max retries exceeded with url: /source/mdm-source/injections (Caused by NameResolutionError("<urllib3.connection.HTTPConnection object at 0x1056e1a80>: Failed to resolve 'dem-service' ([Errno 8] nodename nor servname provided, or not known)"))
2025-05-31 20:08:35,244 - mdm - ERROR - Failed to register routes: cannot import name 'INJECTIONS_ENDPOINT' from 'config.api.dem_config' (/Users/gabihert/Documents/Projects/faculdade/t1-es-II/mdm/config/api/dem_config.py)
2025-05-31 20:10:47,898 - mdm - ERROR - Unhandled error: No injections found
2025-05-31 20:10:52,163 - mdm - ERROR - Unhandled error: No injections found
2025-05-31 20:10:53,184 - mdm - ERROR - Unhandled error: No injections found
2025-05-31 20:12:47,124 - mdm - ERROR - Failed to register routes: name 'SOURCE_ID' is not defined
2025-05-31 20:14:16,727 - mdm - ERROR - Unhandled error: 'id'
2025-05-31 20:15:04,227 - mdm - ERROR - Unhandled error: 'id'
2025-05-31 20:19:50,834 - mdm - ERROR - Unhandled error: 'id'
2025-05-31 20:19:51,648 - mdm - ERROR - Unhandled error: 'id'
2025-05-31 20:20:03,670 - mdm - ERROR - Unhandled error: 'id'
2025-05-31 20:31:37,522 - mdm - ERROR - Unhandled error: Country with id 496 not found
2025-05-31 20:32:15,323 - mdm - ERROR - Unhandled error: Country with id 123 not found
2025-05-31 20:34:52,606 - mdm - ERROR - Unhandled error: Country with id 123 not found
2025-05-31 20:35:09,088 - mdm - ERROR - Unhandled error: Country with id 123 not found
2025-05-31 20:37:11,128 - mdm - ERROR - Unhandled error: Country with id 123 not found
2025-05-31 20:37:23,475 - mdm - ERROR - Unhandled error: Country with id 123 not found
2025-06-01 13:37:55,840 - mdm - ERROR - Failed to register routes: Can't instantiate abstract class CountryRepository with abstract method get_by_numeric_code
2025-06-02 14:43:25,442 - mdm - ERROR - Failed to register routes: cannot import name 'country_controller' from 'infra.entrypoint.controllers.country_controller' (/home/thiagomuller/Documents/ES2/t1-es-II/mdm/infra/entrypoint/controllers/country_controller.py)
2025-06-02 14:53:25,251 - mdm - ERROR - Failed to register routes: cannot import name 'server' from partially initialized module 'config' (most likely due to a circular import) (/home/thiagomuller/Documents/ES2/t1-es-II/mdm/config/__init__.py)
2025-06-02 14:54:06,522 - mdm - ERROR - Failed to register routes: cannot import name 'server' from partially initialized module 'config' (most likely due to a circular import) (/home/thiagomuller/Documents/ES2/t1-es-II/mdm/config/__init__.py)
2025-06-02 14:54:48,794 - mdm - ERROR - Failed to register routes: cannot import name 'country_controller' from 'infra.entrypoint.controllers.country_controller' (/home/thiagomuller/Documents/ES2/t1-es-II/mdm/infra/entrypoint/controllers/country_controller.py)
2025-06-02 14:55:10,478 - mdm - ERROR - Failed to register routes: cannot import name 'country_controller' from 'infra.entrypoint.controllers.country_controller' (/home/thiagomuller/Documents/ES2/t1-es-II/mdm/infra/entrypoint/controllers/country_controller.py)
2025-06-02 14:56:46,304 - mdm - ERROR - Failed to register routes: cannot import name 'CountryDTO' from 'infra.entrypoint.dtos.country' (/home/thiagomuller/Documents/ES2/t1-es-II/mdm/infra/entrypoint/dtos/country.py)
2025-06-02 14:57:12,219 - mdm - ERROR - Failed to register routes: cannot import name 'CountryDTO' from 'infra.entrypoint.dtos.country' (/home/thiagomuller/Documents/ES2/t1-es-II/mdm/infra/entrypoint/dtos/country.py)
2025-06-02 14:58:09,029 - mdm - ERROR - Failed to register routes: cannot import name 'CountryDTO' from 'infra.entrypoint.dtos.country' (/home/thiagomuller/Documents/ES2/t1-es-II/mdm/infra/entrypoint/dtos/country.py)
2025-06-02 14:59:41,040 - mdm - ERROR - Failed to register routes: cannot import name 'rotes' from 'config.api.rotes.rotes' (/home/thiagomuller/Documents/ES2/t1-es-II/mdm/config/api/rotes/rotes.py)
2025-06-03 20:20:10,692 - mdm - ERROR - Failed to register routes: CountryController.__init__() missing 1 required positional argument: 'delete_country_usecase'
2025-06-03 20:29:53,964 - mdm - ERROR - Failed to register routes: cannot import name 'DeleteCurrencyUseCase' from 'application' (/home/thiagomuller/Documents/ES2/t1-es-II/mdm/application/__init__.py)
2025-06-03 21:08:59,101 - mdm - ERROR - Failed to register routes: cannot import name 'UTC' from 'datetime' (/home/thiagomuller/.pyenv/versions/3.10.17/lib/python3.10/datetime.py)
2025-06-03 21:09:23,952 - mdm - ERROR - Failed to register routes: cannot import name 'UTC' from 'datetime' (/home/thiagomuller/.pyenv/versions/3.10.17/lib/python3.10/datetime.py)
2025-06-03 22:37:49,877 - mdm - ERROR - Failed to register routes: cannot import name 'UTC' from 'datetime' (/home/thiagomuller/.pyenv/versions/3.10.17/lib/python3.10/datetime.py)
