2025-05-31 20:01:19,198 - mdm - INFO - Initializing MDM service and registering routes...
2025-05-31 20:01:19,330 - mdm - INFO - Routes registered successfully
2025-05-31 20:01:25,756 - mdm - INFO - Initializing MDM service and registering routes...
2025-05-31 20:01:25,885 - mdm - INFO - Routes registered successfully
2025-05-31 20:01:32,550 - mdm - INFO - Initializing MDM service and registering routes...
2025-05-31 20:01:32,691 - mdm - INFO - Routes registered successfully
2025-05-31 20:01:32,691 - mdm - INFO - Starting MDM service on port 5000
2025-05-31 20:05:15,193 - mdm - INFO - Initializing MDM service and registering routes...
2025-05-31 20:05:15,623 - mdm - INFO - Routes registered successfully
2025-05-31 20:05:15,623 - mdm - INFO - Starting MDM service on port 5010
2025-05-31 20:05:19,503 - mdm - INFO - Initializing MDM service and registering routes...
2025-05-31 20:05:19,607 - mdm - INFO - Routes registered successfully
2025-05-31 20:05:19,607 - mdm - INFO - Starting MDM service on port 5010
2025-05-31 20:05:19,811 - mdm - INFO - Initializing MDM service and registering routes...
2025-05-31 20:05:19,924 - mdm - INFO - Routes registered successfully
2025-05-31 20:05:19,925 - mdm - INFO - Starting MDM service on port 5010
2025-05-31 20:05:23,282 - mdm - INFO - Initializing MDM service and registering routes...
2025-05-31 20:05:23,379 - mdm - INFO - Routes registered successfully
2025-05-31 20:05:23,380 - mdm - INFO - Starting MDM service on port 5001
2025-05-31 20:05:27,781 - mdm - INFO - Incoming request: GET /source/restcountries/extractions
2025-05-31 20:05:27,782 - mdm - ERROR - Unhandled error: 404 Not Found: The requested URL was not found on the server. If you entered the URL manually please check your spelling and try again.
2025-05-31 20:05:27,789 - mdm - INFO - Response status: 500 INTERNAL SERVER ERROR
2025-05-31 20:05:37,580 - mdm - INFO - Incoming request: GET /currencies
2025-05-31 20:05:37,694 - mdm - INFO - Response status: 200 OK
2025-05-31 20:05:52,099 - mdm - INFO - Initializing MDM service and registering routes...
2025-05-31 20:05:52,400 - mdm - INFO - Routes registered successfully
2025-05-31 20:05:52,400 - mdm - INFO - Starting MDM service on port 5002
2025-05-31 20:06:16,162 - mdm - INFO - Initializing MDM service and registering routes...
2025-05-31 20:06:16,319 - mdm - INFO - Routes registered successfully
2025-05-31 20:06:16,319 - mdm - INFO - Starting MDM service on port 5002
2025-05-31 20:06:34,172 - mdm - INFO - Initializing MDM service and registering routes...
2025-05-31 20:06:34,298 - mdm - INFO - Routes registered successfully
2025-05-31 20:06:34,298 - mdm - INFO - Starting MDM service on port 5002
2025-05-31 20:06:34,527 - mdm - INFO - Initializing MDM service and registering routes...
2025-05-31 20:06:34,670 - mdm - INFO - Routes registered successfully
2025-05-31 20:06:34,670 - mdm - INFO - Starting MDM service on port 5002
2025-05-31 20:06:35,935 - mdm - INFO - Incoming request: GET /currencies
2025-05-31 20:06:36,015 - mdm - INFO - Response status: 200 OK
2025-05-31 20:07:31,518 - mdm - INFO - Incoming request: GET /sync
2025-05-31 20:07:31,983 - mdm - ERROR - Unhandled error: HTTPConnectionPool(host='dem-service', port=80): Max retries exceeded with url: /source/mdm-source/injections (Caused by NameResolutionError("<urllib3.connection.HTTPConnection object at 0x1056e1a80>: Failed to resolve 'dem-service' ([Errno 8] nodename nor servname provided, or not known)"))
2025-05-31 20:07:31,985 - mdm - INFO - Response status: 500 INTERNAL SERVER ERROR
2025-05-31 20:08:04,214 - mdm - INFO - Initializing MDM service and registering routes...
2025-05-31 20:08:04,355 - mdm - INFO - Routes registered successfully
2025-05-31 20:08:04,356 - mdm - INFO - Starting MDM service on port 5002
2025-05-31 20:08:09,827 - mdm - INFO - Initializing MDM service and registering routes...
2025-05-31 20:08:09,968 - mdm - INFO - Routes registered successfully
2025-05-31 20:08:09,969 - mdm - INFO - Starting MDM service on port 5002
2025-05-31 20:08:13,428 - mdm - INFO - Initializing MDM service and registering routes...
2025-05-31 20:08:13,529 - mdm - INFO - Routes registered successfully
2025-05-31 20:08:13,529 - mdm - INFO - Starting MDM service on port 5002
2025-05-31 20:08:35,187 - mdm - INFO - Initializing MDM service and registering routes...
2025-05-31 20:08:35,244 - mdm - ERROR - Failed to register routes: cannot import name 'INJECTIONS_ENDPOINT' from 'config.api.dem_config' (/Users/gabihert/Documents/Projects/faculdade/t1-es-II/mdm/config/api/dem_config.py)
2025-05-31 20:10:43,366 - mdm - INFO - Initializing MDM service and registering routes...
2025-05-31 20:10:43,475 - mdm - INFO - Routes registered successfully
2025-05-31 20:10:43,475 - mdm - INFO - Starting MDM service on port 5002
2025-05-31 20:10:43,667 - mdm - INFO - Initializing MDM service and registering routes...
2025-05-31 20:10:43,770 - mdm - INFO - Routes registered successfully
2025-05-31 20:10:43,770 - mdm - INFO - Starting MDM service on port 5002
2025-05-31 20:10:47,853 - mdm - INFO - Incoming request: GET /sync
2025-05-31 20:10:47,898 - mdm - ERROR - Unhandled error: No injections found
2025-05-31 20:10:47,899 - mdm - INFO - Response status: 500 INTERNAL SERVER ERROR
2025-05-31 20:10:52,141 - mdm - INFO - Incoming request: GET /sync
2025-05-31 20:10:52,163 - mdm - ERROR - Unhandled error: No injections found
2025-05-31 20:10:52,164 - mdm - INFO - Response status: 500 INTERNAL SERVER ERROR
2025-05-31 20:10:53,166 - mdm - INFO - Incoming request: GET /sync
2025-05-31 20:10:53,184 - mdm - ERROR - Unhandled error: No injections found
2025-05-31 20:10:53,185 - mdm - INFO - Response status: 500 INTERNAL SERVER ERROR
2025-05-31 20:11:29,953 - mdm - INFO - Initializing MDM service and registering routes...
2025-05-31 20:11:30,080 - mdm - INFO - Routes registered successfully
2025-05-31 20:11:30,080 - mdm - INFO - Starting MDM service on port 5002
2025-05-31 20:11:34,542 - mdm - INFO - Initializing MDM service and registering routes...
2025-05-31 20:11:34,678 - mdm - INFO - Routes registered successfully
2025-05-31 20:11:34,678 - mdm - INFO - Starting MDM service on port 5002
2025-05-31 20:11:45,377 - mdm - INFO - Initializing MDM service and registering routes...
2025-05-31 20:11:45,513 - mdm - INFO - Routes registered successfully
2025-05-31 20:11:45,513 - mdm - INFO - Starting MDM service on port 5002
2025-05-31 20:11:48,896 - mdm - INFO - Initializing MDM service and registering routes...
2025-05-31 20:11:49,007 - mdm - INFO - Routes registered successfully
2025-05-31 20:11:49,008 - mdm - INFO - Starting MDM service on port 5002
2025-05-31 20:11:51,307 - mdm - INFO - Initializing MDM service and registering routes...
2025-05-31 20:11:51,425 - mdm - INFO - Routes registered successfully
2025-05-31 20:11:51,425 - mdm - INFO - Starting MDM service on port 5002
2025-05-31 20:11:57,900 - mdm - INFO - Initializing MDM service and registering routes...
2025-05-31 20:11:58,037 - mdm - INFO - Routes registered successfully
2025-05-31 20:11:58,037 - mdm - INFO - Starting MDM service on port 5002
2025-05-31 20:12:07,464 - mdm - INFO - Initializing MDM service and registering routes...
2025-05-31 20:12:07,721 - mdm - INFO - Routes registered successfully
2025-05-31 20:12:07,721 - mdm - INFO - Starting MDM service on port 5002
2025-05-31 20:12:10,072 - mdm - INFO - Initializing MDM service and registering routes...
2025-05-31 20:12:10,177 - mdm - INFO - Routes registered successfully
2025-05-31 20:12:10,177 - mdm - INFO - Starting MDM service on port 5002
2025-05-31 20:12:13,671 - mdm - INFO - Initializing MDM service and registering routes...
2025-05-31 20:12:13,783 - mdm - INFO - Routes registered successfully
2025-05-31 20:12:13,783 - mdm - INFO - Starting MDM service on port 5002
2025-05-31 20:12:15,180 - mdm - INFO - Initializing MDM service and registering routes...
2025-05-31 20:12:15,300 - mdm - INFO - Routes registered successfully
2025-05-31 20:12:15,300 - mdm - INFO - Starting MDM service on port 5002
2025-05-31 20:12:16,598 - mdm - INFO - Initializing MDM service and registering routes...
2025-05-31 20:12:16,697 - mdm - INFO - Routes registered successfully
2025-05-31 20:12:16,697 - mdm - INFO - Starting MDM service on port 5002
2025-05-31 20:12:19,049 - mdm - INFO - Initializing MDM service and registering routes...
2025-05-31 20:12:19,264 - mdm - INFO - Routes registered successfully
2025-05-31 20:12:19,265 - mdm - INFO - Starting MDM service on port 5002
2025-05-31 20:12:21,585 - mdm - INFO - Initializing MDM service and registering routes...
2025-05-31 20:12:21,688 - mdm - INFO - Routes registered successfully
2025-05-31 20:12:21,688 - mdm - INFO - Starting MDM service on port 5002
2025-05-31 20:12:23,206 - mdm - INFO - Initializing MDM service and registering routes...
2025-05-31 20:12:23,341 - mdm - INFO - Routes registered successfully
2025-05-31 20:12:23,342 - mdm - INFO - Starting MDM service on port 5002
2025-05-31 20:12:47,065 - mdm - INFO - Initializing MDM service and registering routes...
2025-05-31 20:12:47,124 - mdm - ERROR - Failed to register routes: name 'SOURCE_ID' is not defined
2025-05-31 20:14:11,164 - mdm - INFO - Initializing MDM service and registering routes...
2025-05-31 20:14:11,292 - mdm - INFO - Routes registered successfully
2025-05-31 20:14:11,292 - mdm - INFO - Starting MDM service on port 5002
2025-05-31 20:14:11,504 - mdm - INFO - Initializing MDM service and registering routes...
2025-05-31 20:14:11,598 - mdm - INFO - Routes registered successfully
2025-05-31 20:14:11,598 - mdm - INFO - Starting MDM service on port 5002
2025-05-31 20:14:16,703 - mdm - INFO - Incoming request: GET /sync
2025-05-31 20:14:16,727 - mdm - ERROR - Unhandled error: 'id'
2025-05-31 20:14:16,728 - mdm - INFO - Response status: 500 INTERNAL SERVER ERROR
2025-05-31 20:15:04,217 - mdm - INFO - Incoming request: GET /sync
2025-05-31 20:15:04,227 - mdm - ERROR - Unhandled error: 'id'
2025-05-31 20:15:04,228 - mdm - INFO - Response status: 500 INTERNAL SERVER ERROR
2025-05-31 20:16:43,342 - mdm - INFO - Initializing MDM service and registering routes...
2025-05-31 20:16:43,467 - mdm - INFO - Routes registered successfully
2025-05-31 20:16:43,467 - mdm - INFO - Starting MDM service on port 5002
2025-05-31 20:19:50,792 - mdm - INFO - Incoming request: GET /sync
2025-05-31 20:19:50,834 - mdm - ERROR - Unhandled error: 'id'
2025-05-31 20:19:50,835 - mdm - INFO - Response status: 500 INTERNAL SERVER ERROR
2025-05-31 20:19:51,635 - mdm - INFO - Incoming request: GET /sync
2025-05-31 20:19:51,648 - mdm - ERROR - Unhandled error: 'id'
2025-05-31 20:19:51,649 - mdm - INFO - Response status: 500 INTERNAL SERVER ERROR
2025-05-31 20:20:03,637 - mdm - INFO - Incoming request: GET /sync
2025-05-31 20:20:03,670 - mdm - ERROR - Unhandled error: 'id'
2025-05-31 20:20:03,671 - mdm - INFO - Response status: 500 INTERNAL SERVER ERROR
2025-05-31 20:23:02,029 - mdm - INFO - Initializing MDM service and registering routes...
2025-05-31 20:23:02,152 - mdm - INFO - Routes registered successfully
2025-05-31 20:23:02,152 - mdm - INFO - Starting MDM service on port 5002
2025-05-31 20:23:02,346 - mdm - INFO - Initializing MDM service and registering routes...
2025-05-31 20:23:02,443 - mdm - INFO - Routes registered successfully
2025-05-31 20:23:02,443 - mdm - INFO - Starting MDM service on port 5002
2025-05-31 20:23:12,250 - mdm - INFO - Incoming request: GET /sync
2025-05-31 20:23:12,359 - mdm - INFO - Response status: 200 OK
2025-05-31 20:23:13,908 - mdm - INFO - Incoming request: GET /sync
2025-05-31 20:23:13,935 - mdm - INFO - Response status: 200 OK
2025-05-31 20:23:51,533 - mdm - INFO - Incoming request: GET /sync
2025-05-31 20:23:55,451 - mdm - INFO - Response status: 200 OK
2025-05-31 20:27:32,736 - mdm - INFO - Incoming request: GET /sync
2025-05-31 20:27:38,537 - mdm - INFO - Response status: 200 OK
2025-05-31 20:27:52,779 - mdm - INFO - Incoming request: GET /countries
2025-05-31 20:27:52,831 - mdm - INFO - Response status: 200 OK
2025-05-31 20:28:30,934 - mdm - INFO - Incoming request: GET /sync
2025-05-31 20:28:31,032 - mdm - INFO - Response status: 200 OK
2025-05-31 20:28:31,053 - mdm - INFO - Incoming request: GET /countries
2025-05-31 20:28:31,065 - mdm - INFO - Response status: 200 OK
2025-05-31 20:28:38,339 - mdm - INFO - Incoming request: GET /sync
2025-05-31 20:28:38,387 - mdm - INFO - Response status: 200 OK
2025-05-31 20:28:38,407 - mdm - INFO - Incoming request: GET /countries
2025-05-31 20:28:38,415 - mdm - INFO - Response status: 200 OK
2025-05-31 20:28:44,213 - mdm - INFO - Incoming request: GET /sync
2025-05-31 20:28:44,249 - mdm - INFO - Response status: 200 OK
2025-05-31 20:28:44,265 - mdm - INFO - Incoming request: GET /countries
2025-05-31 20:28:44,268 - mdm - INFO - Response status: 200 OK
2025-05-31 20:30:22,374 - mdm - INFO - Incoming request: GET /sync
2025-05-31 20:30:22,776 - mdm - INFO - Response status: 200 OK
2025-05-31 20:30:26,835 - mdm - INFO - Incoming request: GET /sync
2025-05-31 20:30:26,882 - mdm - INFO - Response status: 200 OK
2025-05-31 20:30:42,787 - mdm - INFO - Incoming request: GET /sync
2025-05-31 20:30:46,978 - mdm - INFO - Response status: 200 OK
2025-05-31 20:31:35,018 - mdm - INFO - Incoming request: GET /sync
2025-05-31 20:31:35,161 - mdm - INFO - Response status: 200 OK
2025-05-31 20:31:37,501 - mdm - INFO - Incoming request: GET /countries/496
2025-05-31 20:31:37,522 - mdm - ERROR - Unhandled error: Country with id 496 not found
2025-05-31 20:31:37,523 - mdm - INFO - Response status: 500 INTERNAL SERVER ERROR
2025-05-31 20:32:15,312 - mdm - INFO - Incoming request: GET /countries/123
2025-05-31 20:32:15,323 - mdm - ERROR - Unhandled error: Country with id 123 not found
2025-05-31 20:32:15,324 - mdm - INFO - Response status: 500 INTERNAL SERVER ERROR
2025-05-31 20:34:00,126 - mdm - INFO - Initializing MDM service and registering routes...
2025-05-31 20:34:00,293 - mdm - INFO - Routes registered successfully
2025-05-31 20:34:00,293 - mdm - INFO - Starting MDM service on port 5002
2025-05-31 20:34:10,099 - mdm - INFO - Initializing MDM service and registering routes...
2025-05-31 20:34:10,252 - mdm - INFO - Routes registered successfully
2025-05-31 20:34:10,252 - mdm - INFO - Starting MDM service on port 5002
2025-05-31 20:34:52,484 - mdm - INFO - Incoming request: GET /countries/123
2025-05-31 20:34:52,606 - mdm - ERROR - Unhandled error: Country with id 123 not found
2025-05-31 20:34:52,607 - mdm - INFO - Response status: 500 INTERNAL SERVER ERROR
2025-05-31 20:35:05,784 - mdm - INFO - Initializing MDM service and registering routes...
2025-05-31 20:35:05,955 - mdm - INFO - Routes registered successfully
2025-05-31 20:35:05,956 - mdm - INFO - Starting MDM service on port 5002
2025-05-31 20:35:06,207 - mdm - INFO - Initializing MDM service and registering routes...
2025-05-31 20:35:06,347 - mdm - INFO - Routes registered successfully
2025-05-31 20:35:06,347 - mdm - INFO - Starting MDM service on port 5002
2025-05-31 20:35:09,014 - mdm - INFO - Incoming request: GET /countries/123
2025-05-31 20:35:09,088 - mdm - ERROR - Unhandled error: Country with id 123 not found
2025-05-31 20:35:09,089 - mdm - INFO - Response status: 500 INTERNAL SERVER ERROR
2025-05-31 20:36:09,485 - mdm - INFO - Initializing MDM service and registering routes...
2025-05-31 20:36:10,540 - mdm - INFO - Routes registered successfully
2025-05-31 20:36:10,540 - mdm - INFO - Starting MDM service on port 5002
2025-05-31 20:37:11,009 - mdm - INFO - Incoming request: GET /countries/123
2025-05-31 20:37:11,128 - mdm - ERROR - Unhandled error: Country with id 123 not found
2025-05-31 20:37:11,129 - mdm - INFO - Response status: 500 INTERNAL SERVER ERROR
2025-05-31 20:37:15,363 - mdm - INFO - Initializing MDM service and registering routes...
2025-05-31 20:37:15,508 - mdm - INFO - Routes registered successfully
2025-05-31 20:37:15,508 - mdm - INFO - Starting MDM service on port 5002
2025-05-31 20:37:15,737 - mdm - INFO - Initializing MDM service and registering routes...
2025-05-31 20:37:15,871 - mdm - INFO - Routes registered successfully
2025-05-31 20:37:15,871 - mdm - INFO - Starting MDM service on port 5002
2025-05-31 20:37:23,387 - mdm - INFO - Incoming request: GET /countries/123
2025-05-31 20:37:23,475 - mdm - ERROR - Unhandled error: Country with id 123 not found
2025-05-31 20:37:23,475 - mdm - INFO - Response status: 500 INTERNAL SERVER ERROR
2025-05-31 20:38:03,189 - mdm - INFO - Initializing MDM service and registering routes...
2025-05-31 20:38:03,364 - mdm - INFO - Routes registered successfully
2025-05-31 20:38:03,364 - mdm - INFO - Starting MDM service on port 5002
2025-05-31 20:38:04,747 - mdm - INFO - Initializing MDM service and registering routes...
2025-05-31 20:38:04,856 - mdm - INFO - Routes registered successfully
2025-05-31 20:38:04,856 - mdm - INFO - Starting MDM service on port 5002
2025-05-31 20:38:52,201 - mdm - INFO - Incoming request: GET /countries/123
2025-05-31 20:38:52,314 - mdm - INFO - Response status: 404 NOT FOUND
2025-05-31 20:39:29,199 - mdm - INFO - Incoming request: GET /sync
2025-05-31 20:39:29,315 - mdm - INFO - Response status: 200 OK
2025-05-31 20:39:29,331 - mdm - INFO - Incoming request: GET /countries/496
2025-05-31 20:39:29,336 - mdm - INFO - Response status: 404 NOT FOUND
2025-05-31 20:39:29,341 - mdm - INFO - Incoming request: POST /countries
2025-05-31 20:39:29,363 - mdm - INFO - Response status: 201 CREATED
2025-05-31 20:39:53,044 - mdm - INFO - Incoming request: GET /sync
2025-05-31 20:39:53,117 - mdm - INFO - Response status: 200 OK
2025-05-31 20:39:53,155 - mdm - INFO - Incoming request: GET /countries/496
2025-05-31 20:39:53,205 - mdm - INFO - Response status: 404 NOT FOUND
2025-05-31 20:39:53,218 - mdm - INFO - Incoming request: POST /countries
2025-05-31 20:39:53,229 - mdm - INFO - Response status: 201 CREATED
2025-05-31 20:39:59,258 - mdm - INFO - Incoming request: GET /sync
2025-05-31 20:39:59,306 - mdm - INFO - Response status: 200 OK
2025-05-31 20:39:59,320 - mdm - INFO - Incoming request: GET /countries/496
2025-05-31 20:39:59,328 - mdm - INFO - Response status: 404 NOT FOUND
2025-05-31 20:39:59,332 - mdm - INFO - Incoming request: POST /countries
2025-05-31 20:39:59,342 - mdm - INFO - Response status: 201 CREATED
2025-05-31 20:40:36,856 - mdm - INFO - Incoming request: GET /countries
2025-05-31 20:40:36,867 - mdm - INFO - Response status: 200 OK
2025-06-01 11:09:05,316 - mdm - INFO - Initializing MDM service and registering routes...
2025-06-01 11:09:05,638 - mdm - INFO - Routes registered successfully
2025-06-01 11:09:05,638 - mdm - INFO - Starting MDM service on port 5002
2025-06-01 11:09:06,014 - mdm - INFO - Initializing MDM service and registering routes...
2025-06-01 11:09:06,220 - mdm - INFO - Routes registered successfully
2025-06-01 11:09:06,220 - mdm - INFO - Starting MDM service on port 5002
2025-06-01 11:42:54,084 - mdm - INFO - Incoming request: GET /countries
2025-06-01 11:42:54,116 - mdm - INFO - Response status: 200 OK
2025-06-01 11:43:40,713 - mdm - INFO - Incoming request: GET /sync
2025-06-01 11:43:40,735 - mdm - INFO - Response status: 500 INTERNAL SERVER ERROR
2025-06-01 12:18:13,030 - mdm - INFO - Incoming request: GET /sync
2025-06-01 12:18:13,052 - mdm - INFO - Response status: 200 OK
2025-06-01 12:18:13,086 - mdm - INFO - Incoming request: GET /countries/496
2025-06-01 12:18:13,090 - mdm - INFO - Response status: 404 NOT FOUND
2025-06-01 12:18:13,093 - mdm - INFO - Incoming request: POST /countries
2025-06-01 12:18:13,102 - mdm - INFO - Response status: 201 CREATED
2025-06-01 12:24:30,464 - mdm - INFO - Initializing MDM service and registering routes...
2025-06-01 12:24:30,672 - mdm - INFO - Routes registered successfully
2025-06-01 12:24:30,672 - mdm - INFO - Starting MDM service on port 5002
2025-06-01 12:24:31,071 - mdm - INFO - Initializing MDM service and registering routes...
2025-06-01 12:24:31,309 - mdm - INFO - Routes registered successfully
2025-06-01 12:24:31,309 - mdm - INFO - Starting MDM service on port 5002
2025-06-01 12:27:22,085 - mdm - INFO - Incoming request: GET /sync
2025-06-01 12:27:22,107 - mdm - INFO - Response status: 200 OK
2025-06-01 12:27:22,140 - mdm - INFO - Incoming request: GET /countries/496
2025-06-01 12:27:22,171 - mdm - INFO - Response status: 404 NOT FOUND
2025-06-01 12:27:22,175 - mdm - INFO - Incoming request: POST /countries
2025-06-01 12:27:22,182 - mdm - INFO - Response status: 201 CREATED
2025-06-01 12:47:35,983 - mdm - INFO - Initializing MDM service and registering routes...
2025-06-01 12:47:36,223 - mdm - INFO - Routes registered successfully
2025-06-01 12:47:36,223 - mdm - INFO - Starting MDM service on port 5002
2025-06-01 12:47:36,630 - mdm - INFO - Initializing MDM service and registering routes...
2025-06-01 12:47:36,864 - mdm - INFO - Routes registered successfully
2025-06-01 12:47:36,864 - mdm - INFO - Starting MDM service on port 5002
2025-06-01 12:48:14,205 - mdm - INFO - Incoming request: GET /sync
2025-06-01 12:48:14,232 - mdm - INFO - Response status: 200 OK
2025-06-01 12:48:14,264 - mdm - INFO - Incoming request: GET /countries/496
2025-06-01 12:48:14,297 - mdm - INFO - Response status: 404 NOT FOUND
2025-06-01 12:48:14,301 - mdm - INFO - Incoming request: POST /countries
2025-06-01 12:48:14,310 - mdm - INFO - Response status: 201 CREATED
2025-06-01 12:48:14,313 - mdm - INFO - Incoming request: GET /currencies/code/MNT
2025-06-01 12:48:14,317 - mdm - INFO - Response status: 404 NOT FOUND
2025-06-01 12:48:14,320 - mdm - INFO - Incoming request: POST /currencies
2025-06-01 12:48:14,329 - mdm - INFO - Response status: 201 CREATED
2025-06-01 12:48:14,332 - mdm - INFO - Incoming request: GET /countries/591
2025-06-01 12:48:14,334 - mdm - INFO - Response status: 404 NOT FOUND
2025-06-01 12:48:14,336 - mdm - INFO - Incoming request: POST /countries
2025-06-01 12:48:14,344 - mdm - INFO - Response status: 201 CREATED
2025-06-01 12:48:14,347 - mdm - INFO - Incoming request: GET /currencies/code/PAB
2025-06-01 12:48:14,348 - mdm - INFO - Response status: 404 NOT FOUND
2025-06-01 12:48:14,351 - mdm - INFO - Incoming request: POST /currencies
2025-06-01 12:48:14,358 - mdm - INFO - Response status: 201 CREATED
2025-06-01 12:48:14,361 - mdm - INFO - Incoming request: GET /currencies/code/USD
2025-06-01 12:48:14,363 - mdm - INFO - Response status: 404 NOT FOUND
2025-06-01 12:48:14,366 - mdm - INFO - Incoming request: POST /currencies
2025-06-01 12:48:14,372 - mdm - INFO - Response status: 201 CREATED
2025-06-01 12:48:14,375 - mdm - INFO - Incoming request: GET /countries/776
2025-06-01 12:48:14,376 - mdm - INFO - Response status: 404 NOT FOUND
2025-06-01 12:48:14,380 - mdm - INFO - Incoming request: POST /countries
2025-06-01 12:48:14,387 - mdm - INFO - Response status: 201 CREATED
2025-06-01 12:48:14,390 - mdm - INFO - Incoming request: GET /currencies/code/TOP
2025-06-01 12:48:14,391 - mdm - INFO - Response status: 404 NOT FOUND
2025-06-01 12:48:14,394 - mdm - INFO - Incoming request: POST /currencies
2025-06-01 12:48:14,402 - mdm - INFO - Response status: 201 CREATED
2025-06-01 12:48:14,405 - mdm - INFO - Incoming request: GET /countries/174
2025-06-01 12:48:14,406 - mdm - INFO - Response status: 404 NOT FOUND
2025-06-01 12:48:14,409 - mdm - INFO - Incoming request: POST /countries
2025-06-01 12:48:14,416 - mdm - INFO - Response status: 201 CREATED
2025-06-01 12:48:14,419 - mdm - INFO - Incoming request: GET /currencies/code/KMF
2025-06-01 12:48:14,420 - mdm - INFO - Response status: 404 NOT FOUND
2025-06-01 12:48:14,423 - mdm - INFO - Incoming request: POST /currencies
2025-06-01 12:48:14,432 - mdm - INFO - Response status: 201 CREATED
2025-06-01 12:48:14,435 - mdm - INFO - Incoming request: GET /countries/752
2025-06-01 12:48:14,436 - mdm - INFO - Response status: 404 NOT FOUND
2025-06-01 12:48:14,439 - mdm - INFO - Incoming request: POST /countries
2025-06-01 12:48:14,446 - mdm - INFO - Response status: 201 CREATED
2025-06-01 12:48:14,449 - mdm - INFO - Incoming request: GET /currencies/code/SEK
2025-06-01 12:48:14,450 - mdm - INFO - Response status: 404 NOT FOUND
2025-06-01 12:48:14,453 - mdm - INFO - Incoming request: POST /currencies
2025-06-01 12:48:14,460 - mdm - INFO - Response status: 201 CREATED
2025-06-01 12:48:14,463 - mdm - INFO - Incoming request: GET /countries/324
2025-06-01 12:48:14,464 - mdm - INFO - Response status: 404 NOT FOUND
2025-06-01 12:48:14,467 - mdm - INFO - Incoming request: POST /countries
2025-06-01 12:48:14,474 - mdm - INFO - Response status: 201 CREATED
2025-06-01 12:48:14,477 - mdm - INFO - Incoming request: GET /currencies/code/GNF
2025-06-01 12:48:14,478 - mdm - INFO - Response status: 404 NOT FOUND
2025-06-01 12:48:14,481 - mdm - INFO - Incoming request: POST /currencies
2025-06-01 12:48:14,489 - mdm - INFO - Response status: 201 CREATED
2025-06-01 12:48:14,492 - mdm - INFO - Incoming request: GET /countries/242
2025-06-01 12:48:14,494 - mdm - INFO - Response status: 404 NOT FOUND
2025-06-01 12:48:14,496 - mdm - INFO - Incoming request: POST /countries
2025-06-01 12:48:14,504 - mdm - INFO - Response status: 201 CREATED
2025-06-01 12:48:14,507 - mdm - INFO - Incoming request: GET /currencies/code/FJD
2025-06-01 12:48:14,508 - mdm - INFO - Response status: 404 NOT FOUND
2025-06-01 12:48:14,511 - mdm - INFO - Incoming request: POST /currencies
2025-06-01 12:48:14,518 - mdm - INFO - Response status: 201 CREATED
2025-06-01 12:48:14,521 - mdm - INFO - Incoming request: GET /countries/682
2025-06-01 12:48:14,522 - mdm - INFO - Response status: 404 NOT FOUND
2025-06-01 12:48:14,525 - mdm - INFO - Incoming request: POST /countries
2025-06-01 12:48:14,532 - mdm - INFO - Response status: 201 CREATED
2025-06-01 12:48:14,535 - mdm - INFO - Incoming request: GET /currencies/code/SAR
2025-06-01 12:48:14,536 - mdm - INFO - Response status: 404 NOT FOUND
2025-06-01 12:48:14,539 - mdm - INFO - Incoming request: POST /currencies
2025-06-01 12:48:14,546 - mdm - INFO - Response status: 201 CREATED
2025-06-01 12:48:14,549 - mdm - INFO - Incoming request: GET /countries/540
2025-06-01 12:48:14,550 - mdm - INFO - Response status: 404 NOT FOUND
2025-06-01 12:48:14,553 - mdm - INFO - Incoming request: POST /countries
2025-06-01 12:48:14,560 - mdm - INFO - Response status: 201 CREATED
2025-06-01 12:48:14,563 - mdm - INFO - Incoming request: GET /currencies/code/XPF
2025-06-01 12:48:14,564 - mdm - INFO - Response status: 404 NOT FOUND
2025-06-01 12:48:14,568 - mdm - INFO - Incoming request: POST /currencies
2025-06-01 12:48:14,574 - mdm - INFO - Response status: 201 CREATED
2025-06-01 12:48:14,577 - mdm - INFO - Incoming request: GET /countries/132
2025-06-01 12:48:14,579 - mdm - INFO - Response status: 404 NOT FOUND
2025-06-01 12:48:14,582 - mdm - INFO - Incoming request: POST /countries
2025-06-01 12:48:14,589 - mdm - INFO - Response status: 201 CREATED
2025-06-01 12:48:14,591 - mdm - INFO - Incoming request: GET /currencies/code/CVE
2025-06-01 12:48:14,593 - mdm - INFO - Response status: 404 NOT FOUND
2025-06-01 12:48:14,596 - mdm - INFO - Incoming request: POST /currencies
2025-06-01 12:48:14,603 - mdm - INFO - Response status: 201 CREATED
2025-06-01 12:48:14,606 - mdm - INFO - Incoming request: GET /countries/162
2025-06-01 12:48:14,607 - mdm - INFO - Response status: 404 NOT FOUND
2025-06-01 12:48:14,610 - mdm - INFO - Incoming request: POST /countries
2025-06-01 12:48:14,617 - mdm - INFO - Response status: 201 CREATED
2025-06-01 12:48:14,620 - mdm - INFO - Incoming request: GET /currencies/code/AUD
2025-06-01 12:48:14,621 - mdm - INFO - Response status: 404 NOT FOUND
2025-06-01 12:48:14,624 - mdm - INFO - Incoming request: POST /currencies
2025-06-01 12:48:14,629 - mdm - INFO - Response status: 201 CREATED
2025-06-01 12:48:14,632 - mdm - INFO - Incoming request: GET /countries/710
2025-06-01 12:48:14,633 - mdm - INFO - Response status: 404 NOT FOUND
2025-06-01 12:48:14,636 - mdm - INFO - Incoming request: POST /countries
2025-06-01 12:48:14,643 - mdm - INFO - Response status: 201 CREATED
2025-06-01 12:48:14,647 - mdm - INFO - Incoming request: GET /currencies/code/ZAR
2025-06-01 12:48:14,648 - mdm - INFO - Response status: 404 NOT FOUND
2025-06-01 12:48:14,651 - mdm - INFO - Incoming request: POST /currencies
2025-06-01 12:48:14,659 - mdm - INFO - Response status: 201 CREATED
2025-06-01 12:48:14,662 - mdm - INFO - Incoming request: GET /countries/364
2025-06-01 12:48:14,664 - mdm - INFO - Response status: 404 NOT FOUND
2025-06-01 12:48:14,667 - mdm - INFO - Incoming request: POST /countries
2025-06-01 12:48:14,674 - mdm - INFO - Response status: 201 CREATED
2025-06-01 12:48:14,677 - mdm - INFO - Incoming request: GET /currencies/code/IRR
2025-06-01 12:48:14,678 - mdm - INFO - Response status: 404 NOT FOUND
2025-06-01 12:48:14,681 - mdm - INFO - Incoming request: POST /currencies
2025-06-01 12:48:14,693 - mdm - INFO - Response status: 201 CREATED
2025-06-01 12:48:14,696 - mdm - INFO - Incoming request: GET /countries/31
2025-06-01 12:48:14,697 - mdm - INFO - Response status: 404 NOT FOUND
2025-06-01 12:48:14,700 - mdm - INFO - Incoming request: POST /countries
2025-06-01 12:48:14,708 - mdm - INFO - Response status: 201 CREATED
2025-06-01 12:48:14,711 - mdm - INFO - Incoming request: GET /currencies/code/AZN
2025-06-01 12:48:14,712 - mdm - INFO - Response status: 404 NOT FOUND
2025-06-01 12:48:14,715 - mdm - INFO - Incoming request: POST /currencies
2025-06-01 12:48:14,722 - mdm - INFO - Response status: 201 CREATED
2025-06-01 12:48:14,725 - mdm - INFO - Incoming request: GET /countries/524
2025-06-01 12:48:14,726 - mdm - INFO - Response status: 404 NOT FOUND
2025-06-01 12:48:14,729 - mdm - INFO - Incoming request: POST /countries
2025-06-01 12:48:14,736 - mdm - INFO - Response status: 201 CREATED
2025-06-01 12:48:14,739 - mdm - INFO - Incoming request: GET /currencies/code/NPR
2025-06-01 12:48:14,740 - mdm - INFO - Response status: 404 NOT FOUND
2025-06-01 12:48:14,743 - mdm - INFO - Incoming request: POST /currencies
2025-06-01 12:48:14,750 - mdm - INFO - Response status: 201 CREATED
2025-06-01 12:48:14,753 - mdm - INFO - Incoming request: GET /countries/422
2025-06-01 12:48:14,754 - mdm - INFO - Response status: 404 NOT FOUND
2025-06-01 12:48:14,757 - mdm - INFO - Incoming request: POST /countries
2025-06-01 12:48:14,764 - mdm - INFO - Response status: 201 CREATED
2025-06-01 12:48:14,767 - mdm - INFO - Incoming request: GET /currencies/code/LBP
2025-06-01 12:48:14,769 - mdm - INFO - Response status: 404 NOT FOUND
2025-06-01 12:48:14,772 - mdm - INFO - Incoming request: POST /currencies
2025-06-01 12:48:14,779 - mdm - INFO - Response status: 201 CREATED
2025-06-01 12:48:14,782 - mdm - INFO - Incoming request: GET /countries/86
2025-06-01 12:48:14,783 - mdm - INFO - Response status: 404 NOT FOUND
2025-06-01 12:48:14,786 - mdm - INFO - Incoming request: POST /countries
2025-06-01 12:48:14,794 - mdm - INFO - Response status: 201 CREATED
2025-06-01 12:48:14,797 - mdm - INFO - Incoming request: GET /currencies/code/USD
2025-06-01 12:48:14,798 - mdm - INFO - Response status: 200 OK
2025-06-01 12:51:11,493 - mdm - INFO - Incoming request: GET /sync
2025-06-01 12:51:11,525 - mdm - INFO - Response status: 200 OK
2025-06-01 12:51:11,561 - mdm - INFO - Incoming request: GET /countries/496
2025-06-01 12:51:11,563 - mdm - INFO - Response status: 404 NOT FOUND
2025-06-01 12:51:11,566 - mdm - INFO - Incoming request: POST /countries
2025-06-01 12:51:11,571 - mdm - INFO - Response status: 201 CREATED
2025-06-01 12:51:11,574 - mdm - INFO - Incoming request: GET /currencies/code/MNT
2025-06-01 12:51:11,576 - mdm - INFO - Response status: 200 OK
2025-06-01 12:52:20,640 - mdm - INFO - Initializing MDM service and registering routes...
2025-06-01 12:52:20,875 - mdm - INFO - Routes registered successfully
2025-06-01 12:52:20,876 - mdm - INFO - Starting MDM service on port 5002
2025-06-01 12:52:37,416 - mdm - INFO - Initializing MDM service and registering routes...
2025-06-01 12:52:37,635 - mdm - INFO - Routes registered successfully
2025-06-01 12:52:37,635 - mdm - INFO - Starting MDM service on port 5002
2025-06-01 12:56:27,190 - mdm - INFO - Initializing MDM service and registering routes...
2025-06-01 12:56:27,439 - mdm - INFO - Routes registered successfully
2025-06-01 12:56:27,439 - mdm - INFO - Starting MDM service on port 5002
2025-06-01 12:56:43,330 - mdm - INFO - Incoming request: GET /sync
2025-06-01 12:56:43,363 - mdm - INFO - Response status: 200 OK
2025-06-01 12:56:43,399 - mdm - INFO - Incoming request: GET /countries/496
2025-06-01 12:56:43,431 - mdm - INFO - Response status: 404 NOT FOUND
2025-06-01 12:56:43,435 - mdm - INFO - Incoming request: POST /countries
2025-06-01 12:56:43,444 - mdm - INFO - Response status: 500 INTERNAL SERVER ERROR
2025-06-01 13:00:28,025 - mdm - INFO - Initializing MDM service and registering routes...
2025-06-01 13:00:28,253 - mdm - INFO - Routes registered successfully
2025-06-01 13:00:28,253 - mdm - INFO - Starting MDM service on port 5002
2025-06-01 13:00:35,796 - mdm - INFO - Initializing MDM service and registering routes...
2025-06-01 13:00:36,029 - mdm - INFO - Routes registered successfully
2025-06-01 13:00:36,029 - mdm - INFO - Starting MDM service on port 5002
2025-06-01 13:00:52,611 - mdm - INFO - Initializing MDM service and registering routes...
2025-06-01 13:00:52,844 - mdm - INFO - Routes registered successfully
2025-06-01 13:00:52,844 - mdm - INFO - Starting MDM service on port 5002
2025-06-01 13:01:07,450 - mdm - INFO - Initializing MDM service and registering routes...
2025-06-01 13:01:07,683 - mdm - INFO - Routes registered successfully
2025-06-01 13:01:07,683 - mdm - INFO - Starting MDM service on port 5002
2025-06-01 13:03:08,734 - mdm - INFO - Initializing MDM service and registering routes...
2025-06-01 13:03:08,946 - mdm - INFO - Routes registered successfully
2025-06-01 13:03:08,946 - mdm - INFO - Starting MDM service on port 5002
